ARM GAS  C:\Users\Mike\AppData\Local\Temp\ccVo1CPb.s 			page 1


   1              		.cpu cortex-m0
   2              		.fpu softvfp
   3              		.eabi_attribute 20, 1
   4              		.eabi_attribute 21, 1
   5              		.eabi_attribute 23, 3
   6              		.eabi_attribute 24, 1
   7              		.eabi_attribute 25, 1
   8              		.eabi_attribute 26, 1
   9              		.eabi_attribute 30, 6
  10              		.eabi_attribute 34, 0
  11              		.eabi_attribute 18, 4
  12              		.code	16
  13              		.file	"cyfitter_cfg.c"
  14              		.text
  15              	.Ltext0:
  16              		.cfi_sections	.debug_frame
  17              		.section	.text.CYMEMZERO,"ax",%progbits
  18              		.align	2
  19              		.code	16
  20              		.thumb_func
  21              		.type	CYMEMZERO, %function
  22              	CYMEMZERO:
  23              	.LFB2:
  24              		.file 1 "Generated_Source\\PSoC4\\cyfitter_cfg.c"
   1:Generated_Source\PSoC4/cyfitter_cfg.c **** /*******************************************************************************
   2:Generated_Source\PSoC4/cyfitter_cfg.c **** * File Name: cyfitter_cfg.c
   3:Generated_Source\PSoC4/cyfitter_cfg.c **** * 
   4:Generated_Source\PSoC4/cyfitter_cfg.c **** * PSoC Creator  4.0 Update 1
   5:Generated_Source\PSoC4/cyfitter_cfg.c **** *
   6:Generated_Source\PSoC4/cyfitter_cfg.c **** * Description:
   7:Generated_Source\PSoC4/cyfitter_cfg.c **** * This file contains device initialization code.
   8:Generated_Source\PSoC4/cyfitter_cfg.c **** * Except for the user defined sections in CyClockStartupError(), this file should not be modified.
   9:Generated_Source\PSoC4/cyfitter_cfg.c **** * This file is automatically generated by PSoC Creator.
  10:Generated_Source\PSoC4/cyfitter_cfg.c **** *
  11:Generated_Source\PSoC4/cyfitter_cfg.c **** ********************************************************************************
  12:Generated_Source\PSoC4/cyfitter_cfg.c **** * Copyright (c) 2007-2016 Cypress Semiconductor.  All rights reserved.
  13:Generated_Source\PSoC4/cyfitter_cfg.c **** * You may use this file only in accordance with the license, terms, conditions, 
  14:Generated_Source\PSoC4/cyfitter_cfg.c **** * disclaimers, and limitations in the end user license agreement accompanying 
  15:Generated_Source\PSoC4/cyfitter_cfg.c **** * the software package with which this file was provided.
  16:Generated_Source\PSoC4/cyfitter_cfg.c **** ********************************************************************************/
  17:Generated_Source\PSoC4/cyfitter_cfg.c **** 
  18:Generated_Source\PSoC4/cyfitter_cfg.c **** #include <string.h>
  19:Generated_Source\PSoC4/cyfitter_cfg.c **** #include "cytypes.h"
  20:Generated_Source\PSoC4/cyfitter_cfg.c **** #include "cydevice_trm.h"
  21:Generated_Source\PSoC4/cyfitter_cfg.c **** #include "cyfitter.h"
  22:Generated_Source\PSoC4/cyfitter_cfg.c **** #include "CyLib.h"
  23:Generated_Source\PSoC4/cyfitter_cfg.c **** #include "CyLFClk.h"
  24:Generated_Source\PSoC4/cyfitter_cfg.c **** #include "cyfitter_cfg.h"
  25:Generated_Source\PSoC4/cyfitter_cfg.c **** #include "cyapicallbacks.h"
  26:Generated_Source\PSoC4/cyfitter_cfg.c **** 
  27:Generated_Source\PSoC4/cyfitter_cfg.c **** 
  28:Generated_Source\PSoC4/cyfitter_cfg.c **** #if defined(__GNUC__) || defined(__ARMCC_VERSION)
  29:Generated_Source\PSoC4/cyfitter_cfg.c ****     #define CYPACKED 
  30:Generated_Source\PSoC4/cyfitter_cfg.c ****     #define CYPACKED_ATTR __attribute__ ((packed))
  31:Generated_Source\PSoC4/cyfitter_cfg.c ****     #define CYALIGNED __attribute__ ((aligned))
  32:Generated_Source\PSoC4/cyfitter_cfg.c ****     #define CY_CFG_UNUSED __attribute__ ((unused))
  33:Generated_Source\PSoC4/cyfitter_cfg.c ****     #ifndef CY_CFG_SECTION
ARM GAS  C:\Users\Mike\AppData\Local\Temp\ccVo1CPb.s 			page 2


  34:Generated_Source\PSoC4/cyfitter_cfg.c ****         #define CY_CFG_SECTION __attribute__ ((section(".psocinit")))
  35:Generated_Source\PSoC4/cyfitter_cfg.c ****     #endif
  36:Generated_Source\PSoC4/cyfitter_cfg.c ****     
  37:Generated_Source\PSoC4/cyfitter_cfg.c ****     #if defined(__ARMCC_VERSION)
  38:Generated_Source\PSoC4/cyfitter_cfg.c ****         #define CY_CFG_MEMORY_BARRIER() __memory_changed()
  39:Generated_Source\PSoC4/cyfitter_cfg.c ****     #else
  40:Generated_Source\PSoC4/cyfitter_cfg.c ****         #define CY_CFG_MEMORY_BARRIER() __sync_synchronize()
  41:Generated_Source\PSoC4/cyfitter_cfg.c ****     #endif
  42:Generated_Source\PSoC4/cyfitter_cfg.c ****     
  43:Generated_Source\PSoC4/cyfitter_cfg.c **** #elif defined(__ICCARM__)
  44:Generated_Source\PSoC4/cyfitter_cfg.c ****     #include <intrinsics.h>
  45:Generated_Source\PSoC4/cyfitter_cfg.c **** 
  46:Generated_Source\PSoC4/cyfitter_cfg.c ****     #define CYPACKED __packed
  47:Generated_Source\PSoC4/cyfitter_cfg.c ****     #define CYPACKED_ATTR 
  48:Generated_Source\PSoC4/cyfitter_cfg.c ****     #define CYALIGNED _Pragma("data_alignment=4")
  49:Generated_Source\PSoC4/cyfitter_cfg.c ****     #define CY_CFG_UNUSED _Pragma("diag_suppress=Pe177")
  50:Generated_Source\PSoC4/cyfitter_cfg.c ****     #define CY_CFG_SECTION _Pragma("location=\".psocinit\"")
  51:Generated_Source\PSoC4/cyfitter_cfg.c ****     
  52:Generated_Source\PSoC4/cyfitter_cfg.c ****     #define CY_CFG_MEMORY_BARRIER() __DMB()
  53:Generated_Source\PSoC4/cyfitter_cfg.c ****     
  54:Generated_Source\PSoC4/cyfitter_cfg.c **** #else
  55:Generated_Source\PSoC4/cyfitter_cfg.c ****     #error Unsupported toolchain
  56:Generated_Source\PSoC4/cyfitter_cfg.c **** #endif
  57:Generated_Source\PSoC4/cyfitter_cfg.c **** 
  58:Generated_Source\PSoC4/cyfitter_cfg.c **** 
  59:Generated_Source\PSoC4/cyfitter_cfg.c **** CY_CFG_UNUSED
  60:Generated_Source\PSoC4/cyfitter_cfg.c **** static void CYMEMZERO(void *s, size_t n);
  61:Generated_Source\PSoC4/cyfitter_cfg.c **** CY_CFG_UNUSED
  62:Generated_Source\PSoC4/cyfitter_cfg.c **** static void CYMEMZERO(void *s, size_t n)
  63:Generated_Source\PSoC4/cyfitter_cfg.c **** {
  25              		.loc 1 63 0
  26              		.cfi_startproc
  27 0000 80B5     		push	{r7, lr}
  28              		.cfi_def_cfa_offset 8
  29              		.cfi_offset 7, -8
  30              		.cfi_offset 14, -4
  31 0002 82B0     		sub	sp, sp, #8
  32              		.cfi_def_cfa_offset 16
  33 0004 00AF     		add	r7, sp, #0
  34              		.cfi_def_cfa_register 7
  35 0006 7860     		str	r0, [r7, #4]
  36 0008 3960     		str	r1, [r7]
  64:Generated_Source\PSoC4/cyfitter_cfg.c **** 	(void)memset(s, 0, n);
  37              		.loc 1 64 0
  38 000a 7A68     		ldr	r2, [r7, #4]
  39 000c 3B68     		ldr	r3, [r7]
  40 000e 101C     		mov	r0, r2
  41 0010 0021     		mov	r1, #0
  42 0012 1A1C     		mov	r2, r3
  43 0014 FFF7FEFF 		bl	memset
  65:Generated_Source\PSoC4/cyfitter_cfg.c **** }
  44              		.loc 1 65 0
  45 0018 BD46     		mov	sp, r7
  46 001a 02B0     		add	sp, sp, #8
  47              		@ sp needed
  48 001c 80BD     		pop	{r7, pc}
  49              		.cfi_endproc
ARM GAS  C:\Users\Mike\AppData\Local\Temp\ccVo1CPb.s 			page 3


  50              	.LFE2:
  51              		.size	CYMEMZERO, .-CYMEMZERO
  52 001e C046     		.section	.text.CYCONFIGCPY,"ax",%progbits
  53              		.align	2
  54              		.code	16
  55              		.thumb_func
  56              		.type	CYCONFIGCPY, %function
  57              	CYCONFIGCPY:
  58              	.LFB3:
  66:Generated_Source\PSoC4/cyfitter_cfg.c **** CY_CFG_UNUSED
  67:Generated_Source\PSoC4/cyfitter_cfg.c **** static void CYCONFIGCPY(void *dest, const void *src, size_t n);
  68:Generated_Source\PSoC4/cyfitter_cfg.c **** CY_CFG_UNUSED
  69:Generated_Source\PSoC4/cyfitter_cfg.c **** static void CYCONFIGCPY(void *dest, const void *src, size_t n)
  70:Generated_Source\PSoC4/cyfitter_cfg.c **** {
  59              		.loc 1 70 0
  60              		.cfi_startproc
  61 0000 80B5     		push	{r7, lr}
  62              		.cfi_def_cfa_offset 8
  63              		.cfi_offset 7, -8
  64              		.cfi_offset 14, -4
  65 0002 84B0     		sub	sp, sp, #16
  66              		.cfi_def_cfa_offset 24
  67 0004 00AF     		add	r7, sp, #0
  68              		.cfi_def_cfa_register 7
  69 0006 F860     		str	r0, [r7, #12]
  70 0008 B960     		str	r1, [r7, #8]
  71 000a 7A60     		str	r2, [r7, #4]
  71:Generated_Source\PSoC4/cyfitter_cfg.c **** 	(void)memcpy(dest, src, n);
  72              		.loc 1 71 0
  73 000c F968     		ldr	r1, [r7, #12]
  74 000e BA68     		ldr	r2, [r7, #8]
  75 0010 7B68     		ldr	r3, [r7, #4]
  76 0012 081C     		mov	r0, r1
  77 0014 111C     		mov	r1, r2
  78 0016 1A1C     		mov	r2, r3
  79 0018 FFF7FEFF 		bl	memcpy
  72:Generated_Source\PSoC4/cyfitter_cfg.c **** }
  80              		.loc 1 72 0
  81 001c BD46     		mov	sp, r7
  82 001e 04B0     		add	sp, sp, #16
  83              		@ sp needed
  84 0020 80BD     		pop	{r7, pc}
  85              		.cfi_endproc
  86              	.LFE3:
  87              		.size	CYCONFIGCPY, .-CYCONFIGCPY
  88 0022 C046     		.section	.text.CYCONFIGCPYCODE,"ax",%progbits
  89              		.align	2
  90              		.code	16
  91              		.thumb_func
  92              		.type	CYCONFIGCPYCODE, %function
  93              	CYCONFIGCPYCODE:
  94              	.LFB4:
  73:Generated_Source\PSoC4/cyfitter_cfg.c **** CY_CFG_UNUSED
  74:Generated_Source\PSoC4/cyfitter_cfg.c **** static void CYCONFIGCPYCODE(void *dest, const void *src, size_t n);
  75:Generated_Source\PSoC4/cyfitter_cfg.c **** CY_CFG_UNUSED
  76:Generated_Source\PSoC4/cyfitter_cfg.c **** static void CYCONFIGCPYCODE(void *dest, const void *src, size_t n)
  77:Generated_Source\PSoC4/cyfitter_cfg.c **** {
ARM GAS  C:\Users\Mike\AppData\Local\Temp\ccVo1CPb.s 			page 4


  95              		.loc 1 77 0
  96              		.cfi_startproc
  97 0000 80B5     		push	{r7, lr}
  98              		.cfi_def_cfa_offset 8
  99              		.cfi_offset 7, -8
 100              		.cfi_offset 14, -4
 101 0002 84B0     		sub	sp, sp, #16
 102              		.cfi_def_cfa_offset 24
 103 0004 00AF     		add	r7, sp, #0
 104              		.cfi_def_cfa_register 7
 105 0006 F860     		str	r0, [r7, #12]
 106 0008 B960     		str	r1, [r7, #8]
 107 000a 7A60     		str	r2, [r7, #4]
  78:Generated_Source\PSoC4/cyfitter_cfg.c **** 	(void)memcpy(dest, src, n);
 108              		.loc 1 78 0
 109 000c F968     		ldr	r1, [r7, #12]
 110 000e BA68     		ldr	r2, [r7, #8]
 111 0010 7B68     		ldr	r3, [r7, #4]
 112 0012 081C     		mov	r0, r1
 113 0014 111C     		mov	r1, r2
 114 0016 1A1C     		mov	r2, r3
 115 0018 FFF7FEFF 		bl	memcpy
  79:Generated_Source\PSoC4/cyfitter_cfg.c **** }
 116              		.loc 1 79 0
 117 001c BD46     		mov	sp, r7
 118 001e 04B0     		add	sp, sp, #16
 119              		@ sp needed
 120 0020 80BD     		pop	{r7, pc}
 121              		.cfi_endproc
 122              	.LFE4:
 123              		.size	CYCONFIGCPYCODE, .-CYCONFIGCPYCODE
 124 0022 C046     		.section	.psocinit,"ax",%progbits
 125              		.align	2
 126              		.code	16
 127              		.thumb_func
 128              		.type	ClockSetup, %function
 129              	ClockSetup:
 130              	.LFB5:
  80:Generated_Source\PSoC4/cyfitter_cfg.c **** 
  81:Generated_Source\PSoC4/cyfitter_cfg.c **** 
  82:Generated_Source\PSoC4/cyfitter_cfg.c **** 
  83:Generated_Source\PSoC4/cyfitter_cfg.c **** 
  84:Generated_Source\PSoC4/cyfitter_cfg.c **** /* Clock startup error codes                                                   */
  85:Generated_Source\PSoC4/cyfitter_cfg.c **** #define CYCLOCKSTART_NO_ERROR    0u
  86:Generated_Source\PSoC4/cyfitter_cfg.c **** #define CYCLOCKSTART_XTAL_ERROR  1u
  87:Generated_Source\PSoC4/cyfitter_cfg.c **** #define CYCLOCKSTART_32KHZ_ERROR 2u
  88:Generated_Source\PSoC4/cyfitter_cfg.c **** #define CYCLOCKSTART_PLL_ERROR   3u
  89:Generated_Source\PSoC4/cyfitter_cfg.c **** 
  90:Generated_Source\PSoC4/cyfitter_cfg.c **** 
  91:Generated_Source\PSoC4/cyfitter_cfg.c **** #ifdef CY_NEED_CYCLOCKSTARTUPERROR
  92:Generated_Source\PSoC4/cyfitter_cfg.c **** /*******************************************************************************
  93:Generated_Source\PSoC4/cyfitter_cfg.c **** * Function Name: CyClockStartupError
  94:Generated_Source\PSoC4/cyfitter_cfg.c **** ********************************************************************************
  95:Generated_Source\PSoC4/cyfitter_cfg.c **** * Summary:
  96:Generated_Source\PSoC4/cyfitter_cfg.c **** *  If an error is encountered during clock configuration (crystal startup error,
  97:Generated_Source\PSoC4/cyfitter_cfg.c **** *  PLL lock error, etc.), the system will end up here.  Unless reimplemented by
  98:Generated_Source\PSoC4/cyfitter_cfg.c **** *  the customer, this function will stop in an infinite loop.
ARM GAS  C:\Users\Mike\AppData\Local\Temp\ccVo1CPb.s 			page 5


  99:Generated_Source\PSoC4/cyfitter_cfg.c **** *
 100:Generated_Source\PSoC4/cyfitter_cfg.c **** * Parameters:
 101:Generated_Source\PSoC4/cyfitter_cfg.c **** *   void
 102:Generated_Source\PSoC4/cyfitter_cfg.c **** *
 103:Generated_Source\PSoC4/cyfitter_cfg.c **** * Return:
 104:Generated_Source\PSoC4/cyfitter_cfg.c **** *   void
 105:Generated_Source\PSoC4/cyfitter_cfg.c **** *
 106:Generated_Source\PSoC4/cyfitter_cfg.c **** *******************************************************************************/
 107:Generated_Source\PSoC4/cyfitter_cfg.c **** CY_CFG_UNUSED
 108:Generated_Source\PSoC4/cyfitter_cfg.c **** static void CyClockStartupError(uint8 errorCode);
 109:Generated_Source\PSoC4/cyfitter_cfg.c **** CY_CFG_UNUSED
 110:Generated_Source\PSoC4/cyfitter_cfg.c **** static void CyClockStartupError(uint8 errorCode)
 111:Generated_Source\PSoC4/cyfitter_cfg.c **** {
 112:Generated_Source\PSoC4/cyfitter_cfg.c ****     /* To remove the compiler warning if errorCode not used.                */
 113:Generated_Source\PSoC4/cyfitter_cfg.c ****     errorCode = errorCode;
 114:Generated_Source\PSoC4/cyfitter_cfg.c **** 
 115:Generated_Source\PSoC4/cyfitter_cfg.c ****     /* If we have a clock startup error (bad MHz crystal, PLL lock, etc.),  */
 116:Generated_Source\PSoC4/cyfitter_cfg.c ****     /* we will end up here to allow the customer to implement something to  */
 117:Generated_Source\PSoC4/cyfitter_cfg.c ****     /* deal with the clock condition.                                       */
 118:Generated_Source\PSoC4/cyfitter_cfg.c **** 
 119:Generated_Source\PSoC4/cyfitter_cfg.c **** #ifdef CY_CFG_CLOCK_STARTUP_ERROR_CALLBACK
 120:Generated_Source\PSoC4/cyfitter_cfg.c **** 	CY_CFG_Clock_Startup_ErrorCallback();
 121:Generated_Source\PSoC4/cyfitter_cfg.c **** #else
 122:Generated_Source\PSoC4/cyfitter_cfg.c **** 	/*  If not using CY_CFG_CLOCK_STARTUP_ERROR_CALLBACK, place your clock startup code here. */
 123:Generated_Source\PSoC4/cyfitter_cfg.c ****     /* `#START CyClockStartupError` */
 124:Generated_Source\PSoC4/cyfitter_cfg.c **** 
 125:Generated_Source\PSoC4/cyfitter_cfg.c **** 
 126:Generated_Source\PSoC4/cyfitter_cfg.c **** 
 127:Generated_Source\PSoC4/cyfitter_cfg.c ****     /* `#END` */
 128:Generated_Source\PSoC4/cyfitter_cfg.c **** 
 129:Generated_Source\PSoC4/cyfitter_cfg.c ****     /* If nothing else, stop here since the clocks have not started         */
 130:Generated_Source\PSoC4/cyfitter_cfg.c ****     /* correctly.                                                           */
 131:Generated_Source\PSoC4/cyfitter_cfg.c ****     while(1) {}
 132:Generated_Source\PSoC4/cyfitter_cfg.c **** #endif /* CY_CFG_CLOCK_STARTUP_ERROR_CALLBACK */ 
 133:Generated_Source\PSoC4/cyfitter_cfg.c **** }
 134:Generated_Source\PSoC4/cyfitter_cfg.c **** #endif
 135:Generated_Source\PSoC4/cyfitter_cfg.c **** 
 136:Generated_Source\PSoC4/cyfitter_cfg.c **** 
 137:Generated_Source\PSoC4/cyfitter_cfg.c **** 
 138:Generated_Source\PSoC4/cyfitter_cfg.c **** /*******************************************************************************
 139:Generated_Source\PSoC4/cyfitter_cfg.c **** * Function Name: ClockSetup
 140:Generated_Source\PSoC4/cyfitter_cfg.c **** ********************************************************************************
 141:Generated_Source\PSoC4/cyfitter_cfg.c **** *
 142:Generated_Source\PSoC4/cyfitter_cfg.c **** * Summary:
 143:Generated_Source\PSoC4/cyfitter_cfg.c **** *   Performs the initialization of all of the clocks in the device based on the
 144:Generated_Source\PSoC4/cyfitter_cfg.c **** *   settings in the Clock tab of the DWR.  This includes enabling the requested
 145:Generated_Source\PSoC4/cyfitter_cfg.c **** *   clocks and setting the necessary dividers to produce the desired frequency. 
 146:Generated_Source\PSoC4/cyfitter_cfg.c **** *
 147:Generated_Source\PSoC4/cyfitter_cfg.c **** * Parameters:
 148:Generated_Source\PSoC4/cyfitter_cfg.c **** *   void
 149:Generated_Source\PSoC4/cyfitter_cfg.c **** *
 150:Generated_Source\PSoC4/cyfitter_cfg.c **** * Return:
 151:Generated_Source\PSoC4/cyfitter_cfg.c **** *   void
 152:Generated_Source\PSoC4/cyfitter_cfg.c **** *
 153:Generated_Source\PSoC4/cyfitter_cfg.c **** *******************************************************************************/
 154:Generated_Source\PSoC4/cyfitter_cfg.c **** static void ClockSetup(void);
 155:Generated_Source\PSoC4/cyfitter_cfg.c **** CY_CFG_SECTION
ARM GAS  C:\Users\Mike\AppData\Local\Temp\ccVo1CPb.s 			page 6


 156:Generated_Source\PSoC4/cyfitter_cfg.c **** static void ClockSetup(void)
 157:Generated_Source\PSoC4/cyfitter_cfg.c **** {
 131              		.loc 1 157 0
 132              		.cfi_startproc
 133 0000 80B5     		push	{r7, lr}
 134              		.cfi_def_cfa_offset 8
 135              		.cfi_offset 7, -8
 136              		.cfi_offset 14, -4
 137 0002 00AF     		add	r7, sp, #0
 138              		.cfi_def_cfa_register 7
 158:Generated_Source\PSoC4/cyfitter_cfg.c **** 
 159:Generated_Source\PSoC4/cyfitter_cfg.c **** 	/* Set Flash Cycles based on max possible frequency in case a glitch occurs during ClockSetup(). *
 160:Generated_Source\PSoC4/cyfitter_cfg.c **** 	CY_SET_REG32((void CYXDATA *)(CYREG_CPUSS_FLASH_CTL), (0x0012u));
 139              		.loc 1 160 0
 140 0004 2D4B     		ldr	r3, .L5
 141 0006 1222     		mov	r2, #18
 142 0008 1A60     		str	r2, [r3]
 161:Generated_Source\PSoC4/cyfitter_cfg.c **** 
 162:Generated_Source\PSoC4/cyfitter_cfg.c **** 	/* Start the WCO */
 163:Generated_Source\PSoC4/cyfitter_cfg.c **** 	CySysClkWcoStart();
 143              		.loc 1 163 0
 144 000a FFF7FEFF 		bl	CySysClkWcoStart
 164:Generated_Source\PSoC4/cyfitter_cfg.c **** 	CyDelayCycles(12000000u); /* WCO may take up to 500ms to start */
 145              		.loc 1 164 0
 146 000e 2C4B     		ldr	r3, .L5+4
 147 0010 181C     		mov	r0, r3
 148 0012 FFF7FEFF 		bl	CyDelayCycles
 165:Generated_Source\PSoC4/cyfitter_cfg.c **** 	(void)CySysClkWcoSetPowerMode(CY_SYS_CLK_WCO_LPM);    /* Switch to the low power mode */
 149              		.loc 1 165 0
 150 0016 0120     		mov	r0, #1
 151 0018 FFF7FEFF 		bl	CySysClkWcoSetPowerMode
 166:Generated_Source\PSoC4/cyfitter_cfg.c **** 
 167:Generated_Source\PSoC4/cyfitter_cfg.c **** 	/* Setup and trim IMO based on desired frequency. */
 168:Generated_Source\PSoC4/cyfitter_cfg.c **** 	CySysClkWriteImoFreq(48u);
 152              		.loc 1 168 0
 153 001c 3020     		mov	r0, #48
 154 001e FFF7FEFF 		bl	CySysClkWriteImoFreq
 169:Generated_Source\PSoC4/cyfitter_cfg.c **** 	/* CYDEV_CLK_ILO_CONFIG Starting address: CYDEV_CLK_ILO_CONFIG */
 170:Generated_Source\PSoC4/cyfitter_cfg.c **** 	CY_SET_XTND_REG32((void CYFAR *)(CYREG_CLK_ILO_CONFIG), 0x80000006u);
 155              		.loc 1 170 0
 156 0022 284B     		ldr	r3, .L5+8
 157 0024 284A     		ldr	r2, .L5+12
 158 0026 1A60     		str	r2, [r3]
 171:Generated_Source\PSoC4/cyfitter_cfg.c **** 
 172:Generated_Source\PSoC4/cyfitter_cfg.c **** 	/* CYDEV_WDT_CONFIG Starting address: CYDEV_WDT_CONFIG */
 173:Generated_Source\PSoC4/cyfitter_cfg.c **** 	CY_SET_XTND_REG32((void CYFAR *)(CYREG_WDT_CONFIG), 0x40000000u);
 159              		.loc 1 173 0
 160 0028 284B     		ldr	r3, .L5+16
 161 002a 8022     		mov	r2, #128
 162 002c D205     		lsl	r2, r2, #23
 163 002e 1A60     		str	r2, [r3]
 174:Generated_Source\PSoC4/cyfitter_cfg.c **** 
 175:Generated_Source\PSoC4/cyfitter_cfg.c **** 
 176:Generated_Source\PSoC4/cyfitter_cfg.c **** 	/* Enable fast start mode for XO */
 177:Generated_Source\PSoC4/cyfitter_cfg.c **** 	CY_SET_REG32((void*)CYREG_BLE_BLERD_BB_XO, CY_GET_REG32((void*)CYREG_BLE_BLERD_BB_XO) | (uint32)0x
 164              		.loc 1 177 0
 165 0030 274B     		ldr	r3, .L5+20
ARM GAS  C:\Users\Mike\AppData\Local\Temp\ccVo1CPb.s 			page 7


 166 0032 274A     		ldr	r2, .L5+20
 167 0034 1268     		ldr	r2, [r2]
 168 0036 0221     		mov	r1, #2
 169 0038 0A43     		orr	r2, r1
 170 003a 1A60     		str	r2, [r3]
 178:Generated_Source\PSoC4/cyfitter_cfg.c **** 	CY_SET_XTND_REG32((void CYFAR *)(CYREG_BLE_BLERD_BB_XO_CAPTRIM), 0x00003E2Du);
 171              		.loc 1 178 0
 172 003c 254B     		ldr	r3, .L5+24
 173 003e 264A     		ldr	r2, .L5+28
 174 0040 1A60     		str	r2, [r3]
 179:Generated_Source\PSoC4/cyfitter_cfg.c **** 	/*Set XTAL(ECO) divider*/
 180:Generated_Source\PSoC4/cyfitter_cfg.c **** 	CY_SET_XTND_REG32((void CYFAR *)(CYREG_BLE_BLESS_XTAL_CLK_DIV_CONFIG), 0x00000000u);
 175              		.loc 1 180 0
 176 0042 264B     		ldr	r3, .L5+32
 177 0044 0022     		mov	r2, #0
 178 0046 1A60     		str	r2, [r3]
 181:Generated_Source\PSoC4/cyfitter_cfg.c **** 	/* Disable Crystal Stable Interrupt before enabling ECO */
 182:Generated_Source\PSoC4/cyfitter_cfg.c **** 	CY_SET_REG32((void*)CYREG_BLE_BLESS_LL_DSM_CTRL, CY_GET_REG32((void*)CYREG_BLE_BLESS_LL_DSM_CTRL) 
 179              		.loc 1 182 0
 180 0048 254B     		ldr	r3, .L5+36
 181 004a 254A     		ldr	r2, .L5+36
 182 004c 1268     		ldr	r2, [r2]
 183 004e 0821     		mov	r1, #8
 184 0050 8A43     		bic	r2, r1
 185 0052 1A60     		str	r2, [r3]
 183:Generated_Source\PSoC4/cyfitter_cfg.c **** 	/* Start the ECO and do not check status since it is not needed for HFCLK */
 184:Generated_Source\PSoC4/cyfitter_cfg.c **** 	(void)CySysClkEcoStart(2000u);
 186              		.loc 1 184 0
 187 0054 FA23     		mov	r3, #250
 188 0056 DB00     		lsl	r3, r3, #3
 189 0058 181C     		mov	r0, r3
 190 005a FFF7FEFF 		bl	CySysClkEcoStart
 185:Generated_Source\PSoC4/cyfitter_cfg.c **** 	CyDelayUs(1500u); /* Wait to stabalize */
 191              		.loc 1 185 0
 192 005e 214B     		ldr	r3, .L5+40
 193 0060 181C     		mov	r0, r3
 194 0062 FFF7FEFF 		bl	CyDelayUs
 186:Generated_Source\PSoC4/cyfitter_cfg.c **** 
 187:Generated_Source\PSoC4/cyfitter_cfg.c **** 	/* Setup phase aligned clocks */
 188:Generated_Source\PSoC4/cyfitter_cfg.c **** 	CY_SET_REG32((void *)CYREG_PERI_DIV_16_CTL0, 0x00002B00u);
 195              		.loc 1 188 0
 196 0066 204B     		ldr	r3, .L5+44
 197 0068 AC22     		mov	r2, #172
 198 006a 9201     		lsl	r2, r2, #6
 199 006c 1A60     		str	r2, [r3]
 189:Generated_Source\PSoC4/cyfitter_cfg.c **** 	CY_SET_REG32((void *)CYREG_PERI_DIV_CMD, 0x8000FF40u);
 200              		.loc 1 189 0
 201 006e 1F4B     		ldr	r3, .L5+48
 202 0070 1F4A     		ldr	r2, .L5+52
 203 0072 1A60     		str	r2, [r3]
 190:Generated_Source\PSoC4/cyfitter_cfg.c **** 	CY_SET_REG32((void *)CYREG_PERI_DIV_16_CTL1, 0x0001A000u);
 204              		.loc 1 190 0
 205 0074 1F4B     		ldr	r3, .L5+56
 206 0076 D022     		mov	r2, #208
 207 0078 5202     		lsl	r2, r2, #9
 208 007a 1A60     		str	r2, [r3]
 191:Generated_Source\PSoC4/cyfitter_cfg.c **** 	CY_SET_REG32((void *)CYREG_PERI_DIV_CMD, 0x8000FF41u);
ARM GAS  C:\Users\Mike\AppData\Local\Temp\ccVo1CPb.s 			page 8


 209              		.loc 1 191 0
 210 007c 1B4B     		ldr	r3, .L5+48
 211 007e 1E4A     		ldr	r2, .L5+60
 212 0080 1A60     		str	r2, [r3]
 192:Generated_Source\PSoC4/cyfitter_cfg.c **** 
 193:Generated_Source\PSoC4/cyfitter_cfg.c **** 	/* CYDEV_CLK_IMO_CONFIG Starting address: CYDEV_CLK_IMO_CONFIG */
 194:Generated_Source\PSoC4/cyfitter_cfg.c **** 	CY_SET_XTND_REG32((void CYFAR *)(CYREG_CLK_IMO_CONFIG), 0x82000000u);
 213              		.loc 1 194 0
 214 0082 1E4B     		ldr	r3, .L5+64
 215 0084 8222     		mov	r2, #130
 216 0086 1206     		lsl	r2, r2, #24
 217 0088 1A60     		str	r2, [r3]
 195:Generated_Source\PSoC4/cyfitter_cfg.c **** 
 196:Generated_Source\PSoC4/cyfitter_cfg.c **** 	/* CYDEV_CLK_SELECT Starting address: CYDEV_CLK_SELECT */
 197:Generated_Source\PSoC4/cyfitter_cfg.c **** 	CY_SET_XTND_REG32((void CYFAR *)(CYREG_CLK_SELECT), 0x00040000u);
 218              		.loc 1 197 0
 219 008a 1D4B     		ldr	r3, .L5+68
 220 008c 8022     		mov	r2, #128
 221 008e D202     		lsl	r2, r2, #11
 222 0090 1A60     		str	r2, [r3]
 198:Generated_Source\PSoC4/cyfitter_cfg.c **** 
 199:Generated_Source\PSoC4/cyfitter_cfg.c **** 	/* CYDEV_PERI_PCLK_CTL6 Starting address: CYDEV_PERI_PCLK_CTL6 */
 200:Generated_Source\PSoC4/cyfitter_cfg.c **** 	CY_SET_XTND_REG32((void CYFAR *)(CYREG_PERI_PCLK_CTL6), 0x00000040u);
 223              		.loc 1 200 0
 224 0092 1C4B     		ldr	r3, .L5+72
 225 0094 4022     		mov	r2, #64
 226 0096 1A60     		str	r2, [r3]
 201:Generated_Source\PSoC4/cyfitter_cfg.c **** 
 202:Generated_Source\PSoC4/cyfitter_cfg.c **** 	/* CYDEV_PERI_PCLK_CTL1 Starting address: CYDEV_PERI_PCLK_CTL1 */
 203:Generated_Source\PSoC4/cyfitter_cfg.c **** 	CY_SET_XTND_REG32((void CYFAR *)(CYREG_PERI_PCLK_CTL1), 0x00000041u);
 227              		.loc 1 203 0
 228 0098 1B4B     		ldr	r3, .L5+76
 229 009a 4122     		mov	r2, #65
 230 009c 1A60     		str	r2, [r3]
 204:Generated_Source\PSoC4/cyfitter_cfg.c **** 
 205:Generated_Source\PSoC4/cyfitter_cfg.c **** 	(void)CyIntSetVector(8u, &CySysWdtIsr);
 231              		.loc 1 205 0
 232 009e 1B4B     		ldr	r3, .L5+80
 233 00a0 0820     		mov	r0, #8
 234 00a2 191C     		mov	r1, r3
 235 00a4 FFF7FEFF 		bl	CyIntSetVector
 206:Generated_Source\PSoC4/cyfitter_cfg.c **** 	CyIntEnable(8u);
 236              		.loc 1 206 0
 237 00a8 0820     		mov	r0, #8
 238 00aa FFF7FEFF 		bl	CyIntEnable
 207:Generated_Source\PSoC4/cyfitter_cfg.c **** 	CY_SET_XTND_REG32((void CYFAR *)(CYREG_WDT_CONFIG), 0x40000000u);
 239              		.loc 1 207 0
 240 00ae 074B     		ldr	r3, .L5+16
 241 00b0 8022     		mov	r2, #128
 242 00b2 D205     		lsl	r2, r2, #23
 243 00b4 1A60     		str	r2, [r3]
 208:Generated_Source\PSoC4/cyfitter_cfg.c **** }
 244              		.loc 1 208 0
 245 00b6 BD46     		mov	sp, r7
 246              		@ sp needed
 247 00b8 80BD     		pop	{r7, pc}
 248              	.L6:
ARM GAS  C:\Users\Mike\AppData\Local\Temp\ccVo1CPb.s 			page 9


 249 00ba C046     		.align	2
 250              	.L5:
 251 00bc 30001040 		.word	1074790448
 252 00c0 001BB700 		.word	12000000
 253 00c4 04010B40 		.word	1074462980
 254 00c8 06000080 		.word	-2147483642
 255 00cc 0C020B40 		.word	1074463244
 256 00d0 78002E40 		.word	1076756600
 257 00d4 7C002E40 		.word	1076756604
 258 00d8 2D3E0000 		.word	15917
 259 00dc 64F02E40 		.word	1076818020
 260 00e0 6CF02E40 		.word	1076818028
 261 00e4 DC050000 		.word	1500
 262 00e8 00030140 		.word	1073808128
 263 00ec 00000140 		.word	1073807360
 264 00f0 40FF0080 		.word	-2147418304
 265 00f4 04030140 		.word	1073808132
 266 00f8 41FF0080 		.word	-2147418303
 267 00fc 08010B40 		.word	1074462984
 268 0100 00010B40 		.word	1074462976
 269 0104 18010140 		.word	1073807640
 270 0108 04010140 		.word	1073807620
 271 010c 00000000 		.word	CySysWdtIsr
 272              		.cfi_endproc
 273              	.LFE5:
 274              		.size	ClockSetup, .-ClockSetup
 275              		.section	.text.AnalogSetDefault,"ax",%progbits
 276              		.align	2
 277              		.code	16
 278              		.thumb_func
 279              		.type	AnalogSetDefault, %function
 280              	AnalogSetDefault:
 281              	.LFB6:
 209:Generated_Source\PSoC4/cyfitter_cfg.c **** 
 210:Generated_Source\PSoC4/cyfitter_cfg.c **** 
 211:Generated_Source\PSoC4/cyfitter_cfg.c **** /* Analog API Functions */
 212:Generated_Source\PSoC4/cyfitter_cfg.c **** 
 213:Generated_Source\PSoC4/cyfitter_cfg.c **** 
 214:Generated_Source\PSoC4/cyfitter_cfg.c **** /*******************************************************************************
 215:Generated_Source\PSoC4/cyfitter_cfg.c **** * Function Name: AnalogSetDefault
 216:Generated_Source\PSoC4/cyfitter_cfg.c **** ********************************************************************************
 217:Generated_Source\PSoC4/cyfitter_cfg.c **** *
 218:Generated_Source\PSoC4/cyfitter_cfg.c **** * Summary:
 219:Generated_Source\PSoC4/cyfitter_cfg.c **** *  Sets up the analog portions of the chip to default values based on chip
 220:Generated_Source\PSoC4/cyfitter_cfg.c **** *  configuration options from the project.
 221:Generated_Source\PSoC4/cyfitter_cfg.c **** *
 222:Generated_Source\PSoC4/cyfitter_cfg.c **** * Parameters:
 223:Generated_Source\PSoC4/cyfitter_cfg.c **** *  void
 224:Generated_Source\PSoC4/cyfitter_cfg.c **** *
 225:Generated_Source\PSoC4/cyfitter_cfg.c **** * Return:
 226:Generated_Source\PSoC4/cyfitter_cfg.c **** *  void
 227:Generated_Source\PSoC4/cyfitter_cfg.c **** *
 228:Generated_Source\PSoC4/cyfitter_cfg.c **** *******************************************************************************/
 229:Generated_Source\PSoC4/cyfitter_cfg.c **** static void AnalogSetDefault(void);
 230:Generated_Source\PSoC4/cyfitter_cfg.c **** static void AnalogSetDefault(void)
 231:Generated_Source\PSoC4/cyfitter_cfg.c **** {
 282              		.loc 1 231 0
ARM GAS  C:\Users\Mike\AppData\Local\Temp\ccVo1CPb.s 			page 10


 283              		.cfi_startproc
 284 0000 80B5     		push	{r7, lr}
 285              		.cfi_def_cfa_offset 8
 286              		.cfi_offset 7, -8
 287              		.cfi_offset 14, -4
 288 0002 00AF     		add	r7, sp, #0
 289              		.cfi_def_cfa_register 7
 232:Generated_Source\PSoC4/cyfitter_cfg.c **** 	CY_SET_XTND_REG32((void CYFAR *)CYREG_CTBM0_DFT_CTRL, 0x00000003u);
 290              		.loc 1 232 0
 291 0004 0A4B     		ldr	r3, .L8
 292 0006 0322     		mov	r2, #3
 293 0008 1A60     		str	r2, [r3]
 233:Generated_Source\PSoC4/cyfitter_cfg.c **** 	CY_SET_XTND_REG32((void CYFAR *)CYREG_CTBM1_DFT_CTRL, 0x00000003u);
 294              		.loc 1 233 0
 295 000a 0A4B     		ldr	r3, .L8+4
 296 000c 0322     		mov	r2, #3
 297 000e 1A60     		str	r2, [r3]
 234:Generated_Source\PSoC4/cyfitter_cfg.c **** 	CY_SET_XTND_REG32((void CYFAR *)CYREG_SAR_CTRL, 0x80000000u);
 298              		.loc 1 234 0
 299 0010 094B     		ldr	r3, .L8+8
 300 0012 8022     		mov	r2, #128
 301 0014 1206     		lsl	r2, r2, #24
 302 0016 1A60     		str	r2, [r3]
 235:Generated_Source\PSoC4/cyfitter_cfg.c **** 	CY_SET_XTND_REG32((void CYFAR *)CYREG_SAR_MUX_SWITCH0, 0x00000020u);
 303              		.loc 1 235 0
 304 0018 084B     		ldr	r3, .L8+12
 305 001a 2022     		mov	r2, #32
 306 001c 1A60     		str	r2, [r3]
 236:Generated_Source\PSoC4/cyfitter_cfg.c **** 	CY_SET_XTND_REG32((void CYFAR *)CYREG_PASS_DSAB_DSAB_CTRL, 0x00000000u);
 307              		.loc 1 236 0
 308 001e 084B     		ldr	r3, .L8+16
 309 0020 0022     		mov	r2, #0
 310 0022 1A60     		str	r2, [r3]
 237:Generated_Source\PSoC4/cyfitter_cfg.c **** 	SetAnalogRoutingPumps(1);
 311              		.loc 1 237 0
 312 0024 0120     		mov	r0, #1
 313 0026 FFF7FEFF 		bl	SetAnalogRoutingPumps
 238:Generated_Source\PSoC4/cyfitter_cfg.c **** }
 314              		.loc 1 238 0
 315 002a BD46     		mov	sp, r7
 316              		@ sp needed
 317 002c 80BD     		pop	{r7, pc}
 318              	.L9:
 319 002e C046     		.align	2
 320              	.L8:
 321 0030 30003040 		.word	1076887600
 322 0034 30003140 		.word	1076953136
 323 0038 00003A40 		.word	1077542912
 324 003c 00033A40 		.word	1077543680
 325 0040 000E3F40 		.word	1077874176
 326              		.cfi_endproc
 327              	.LFE6:
 328              		.size	AnalogSetDefault, .-AnalogSetDefault
 329              		.section	.text.SetAnalogRoutingPumps,"ax",%progbits
 330              		.align	2
 331              		.global	SetAnalogRoutingPumps
 332              		.code	16
ARM GAS  C:\Users\Mike\AppData\Local\Temp\ccVo1CPb.s 			page 11


 333              		.thumb_func
 334              		.type	SetAnalogRoutingPumps, %function
 335              	SetAnalogRoutingPumps:
 336              	.LFB7:
 239:Generated_Source\PSoC4/cyfitter_cfg.c **** 
 240:Generated_Source\PSoC4/cyfitter_cfg.c **** 
 241:Generated_Source\PSoC4/cyfitter_cfg.c **** /*******************************************************************************
 242:Generated_Source\PSoC4/cyfitter_cfg.c **** * Function Name: SetAnalogRoutingPumps
 243:Generated_Source\PSoC4/cyfitter_cfg.c **** ********************************************************************************
 244:Generated_Source\PSoC4/cyfitter_cfg.c **** *
 245:Generated_Source\PSoC4/cyfitter_cfg.c **** * Summary:
 246:Generated_Source\PSoC4/cyfitter_cfg.c **** * Enables or disables the analog pumps feeding analog routing switches.
 247:Generated_Source\PSoC4/cyfitter_cfg.c **** * Intended to be called at startup, based on the Vdda system configuration;
 248:Generated_Source\PSoC4/cyfitter_cfg.c **** * may be called during operation when the user informs us that the Vdda voltage crossed the pump th
 249:Generated_Source\PSoC4/cyfitter_cfg.c **** *
 250:Generated_Source\PSoC4/cyfitter_cfg.c **** * Parameters:
 251:Generated_Source\PSoC4/cyfitter_cfg.c **** *  enabled - 1 to enable the pumps, 0 to disable the pumps
 252:Generated_Source\PSoC4/cyfitter_cfg.c **** *
 253:Generated_Source\PSoC4/cyfitter_cfg.c **** * Return:
 254:Generated_Source\PSoC4/cyfitter_cfg.c **** *  void
 255:Generated_Source\PSoC4/cyfitter_cfg.c **** *
 256:Generated_Source\PSoC4/cyfitter_cfg.c **** *******************************************************************************/
 257:Generated_Source\PSoC4/cyfitter_cfg.c **** void SetAnalogRoutingPumps(uint8 enabled)
 258:Generated_Source\PSoC4/cyfitter_cfg.c **** {
 337              		.loc 1 258 0
 338              		.cfi_startproc
 339 0000 80B5     		push	{r7, lr}
 340              		.cfi_def_cfa_offset 8
 341              		.cfi_offset 7, -8
 342              		.cfi_offset 14, -4
 343 0002 84B0     		sub	sp, sp, #16
 344              		.cfi_def_cfa_offset 24
 345 0004 00AF     		add	r7, sp, #0
 346              		.cfi_def_cfa_register 7
 347 0006 021C     		mov	r2, r0
 348 0008 FB1D     		add	r3, r7, #7
 349 000a 1A70     		strb	r2, [r3]
 259:Generated_Source\PSoC4/cyfitter_cfg.c **** 	uint32 regValue = CY_GET_XTND_REG32((void *)(CYREG_SAR_PUMP_CTRL));
 350              		.loc 1 259 0
 351 000c 0B4B     		ldr	r3, .L13
 352 000e 1B68     		ldr	r3, [r3]
 353 0010 FB60     		str	r3, [r7, #12]
 260:Generated_Source\PSoC4/cyfitter_cfg.c **** 	if (enabled != 0u)
 354              		.loc 1 260 0
 355 0012 FB1D     		add	r3, r7, #7
 356 0014 1B78     		ldrb	r3, [r3]
 357 0016 002B     		cmp	r3, #0
 358 0018 05D0     		beq	.L11
 261:Generated_Source\PSoC4/cyfitter_cfg.c **** 	{
 262:Generated_Source\PSoC4/cyfitter_cfg.c **** 		regValue |= 0x80000000u;
 359              		.loc 1 262 0
 360 001a FB68     		ldr	r3, [r7, #12]
 361 001c 8022     		mov	r2, #128
 362 001e 1206     		lsl	r2, r2, #24
 363 0020 1343     		orr	r3, r2
 364 0022 FB60     		str	r3, [r7, #12]
 365 0024 03E0     		b	.L12
ARM GAS  C:\Users\Mike\AppData\Local\Temp\ccVo1CPb.s 			page 12


 366              	.L11:
 263:Generated_Source\PSoC4/cyfitter_cfg.c **** 	}
 264:Generated_Source\PSoC4/cyfitter_cfg.c **** 	else
 265:Generated_Source\PSoC4/cyfitter_cfg.c **** 	{
 266:Generated_Source\PSoC4/cyfitter_cfg.c **** 		regValue &= ~0x80000000u;
 367              		.loc 1 266 0
 368 0026 FB68     		ldr	r3, [r7, #12]
 369 0028 5B00     		lsl	r3, r3, #1
 370 002a 5B08     		lsr	r3, r3, #1
 371 002c FB60     		str	r3, [r7, #12]
 372              	.L12:
 267:Generated_Source\PSoC4/cyfitter_cfg.c **** 	}
 268:Generated_Source\PSoC4/cyfitter_cfg.c **** 	CY_SET_XTND_REG32((void *)(CYREG_SAR_PUMP_CTRL), regValue);
 373              		.loc 1 268 0
 374 002e 034B     		ldr	r3, .L13
 375 0030 FA68     		ldr	r2, [r7, #12]
 376 0032 1A60     		str	r2, [r3]
 269:Generated_Source\PSoC4/cyfitter_cfg.c **** }
 377              		.loc 1 269 0
 378 0034 BD46     		mov	sp, r7
 379 0036 04B0     		add	sp, sp, #16
 380              		@ sp needed
 381 0038 80BD     		pop	{r7, pc}
 382              	.L14:
 383 003a C046     		.align	2
 384              	.L13:
 385 003c 80033A40 		.word	1077543808
 386              		.cfi_endproc
 387              	.LFE7:
 388              		.size	SetAnalogRoutingPumps, .-SetAnalogRoutingPumps
 389              		.section	.psocinit
 390              		.align	2
 391              		.global	cyfitter_cfg
 392              		.code	16
 393              		.thumb_func
 394              		.type	cyfitter_cfg, %function
 395              	cyfitter_cfg:
 396              	.LFB8:
 270:Generated_Source\PSoC4/cyfitter_cfg.c **** 
 271:Generated_Source\PSoC4/cyfitter_cfg.c **** #define CY_AMUX_UNUSED CYREG_CM0_ROM_DWT
 272:Generated_Source\PSoC4/cyfitter_cfg.c **** 
 273:Generated_Source\PSoC4/cyfitter_cfg.c **** 
 274:Generated_Source\PSoC4/cyfitter_cfg.c **** /*******************************************************************************
 275:Generated_Source\PSoC4/cyfitter_cfg.c **** * Function Name: cyfitter_cfg
 276:Generated_Source\PSoC4/cyfitter_cfg.c **** ********************************************************************************
 277:Generated_Source\PSoC4/cyfitter_cfg.c **** * Summary:
 278:Generated_Source\PSoC4/cyfitter_cfg.c **** *  This function is called by the start-up code for the selected device. It
 279:Generated_Source\PSoC4/cyfitter_cfg.c **** *  performs all of the necessary device configuration based on the design
 280:Generated_Source\PSoC4/cyfitter_cfg.c **** *  settings.  This includes settings from the Design Wide Resources (DWR) such
 281:Generated_Source\PSoC4/cyfitter_cfg.c **** *  as Clocks and Pins as well as any component configuration that is necessary.
 282:Generated_Source\PSoC4/cyfitter_cfg.c **** *
 283:Generated_Source\PSoC4/cyfitter_cfg.c **** * Parameters:  
 284:Generated_Source\PSoC4/cyfitter_cfg.c **** *   void
 285:Generated_Source\PSoC4/cyfitter_cfg.c **** *
 286:Generated_Source\PSoC4/cyfitter_cfg.c **** * Return:
 287:Generated_Source\PSoC4/cyfitter_cfg.c **** *   void
 288:Generated_Source\PSoC4/cyfitter_cfg.c **** *
ARM GAS  C:\Users\Mike\AppData\Local\Temp\ccVo1CPb.s 			page 13


 289:Generated_Source\PSoC4/cyfitter_cfg.c **** *******************************************************************************/
 290:Generated_Source\PSoC4/cyfitter_cfg.c **** CY_CFG_SECTION
 291:Generated_Source\PSoC4/cyfitter_cfg.c **** void cyfitter_cfg(void)
 292:Generated_Source\PSoC4/cyfitter_cfg.c **** {
 397              		.loc 1 292 0
 398              		.cfi_startproc
 399 0110 80B5     		push	{r7, lr}
 400              		.cfi_def_cfa_offset 8
 401              		.cfi_offset 7, -8
 402              		.cfi_offset 14, -4
 403 0112 82B0     		sub	sp, sp, #8
 404              		.cfi_def_cfa_offset 16
 405 0114 00AF     		add	r7, sp, #0
 406              		.cfi_def_cfa_register 7
 293:Generated_Source\PSoC4/cyfitter_cfg.c **** 	/* Disable interrupts by default. Let user enable if/when they want. */
 294:Generated_Source\PSoC4/cyfitter_cfg.c **** 	CyGlobalIntDisable;
 407              		.loc 1 294 0
 408              	@ 294 "Generated_Source\PSoC4\cyfitter_cfg.c" 1
 409 0116 72B6     		CPSID   i
 410              	@ 0 "" 2
 295:Generated_Source\PSoC4/cyfitter_cfg.c **** 
 296:Generated_Source\PSoC4/cyfitter_cfg.c **** 	CY_SET_XTND_REG32((void CYFAR *)(CYREG_BLE_BLESS_LL_DSM_CTRL), 0x00000000u);
 411              		.loc 1 296 0
 412              		.code	16
 413 0118 3C4B     		ldr	r3, .L18
 414 011a 0022     		mov	r2, #0
 415 011c 1A60     		str	r2, [r3]
 416              	.LBB2:
 297:Generated_Source\PSoC4/cyfitter_cfg.c **** 
 298:Generated_Source\PSoC4/cyfitter_cfg.c **** 	{
 299:Generated_Source\PSoC4/cyfitter_cfg.c **** 
 300:Generated_Source\PSoC4/cyfitter_cfg.c **** 		CYPACKED typedef struct {
 301:Generated_Source\PSoC4/cyfitter_cfg.c **** 			void CYFAR *address;
 302:Generated_Source\PSoC4/cyfitter_cfg.c **** 			uint16 size;
 303:Generated_Source\PSoC4/cyfitter_cfg.c **** 		} CYPACKED_ATTR cfg_memset_t;
 304:Generated_Source\PSoC4/cyfitter_cfg.c **** 
 305:Generated_Source\PSoC4/cyfitter_cfg.c **** 		static const cfg_memset_t CYCODE cfg_memset_list [] = {
 306:Generated_Source\PSoC4/cyfitter_cfg.c **** 			/* address, size */
 307:Generated_Source\PSoC4/cyfitter_cfg.c **** 			{(void CYFAR *)(CYDEV_UDB_P0_U0_BASE), 1024u},
 308:Generated_Source\PSoC4/cyfitter_cfg.c **** 			{(void CYFAR *)(CYDEV_UDB_DSI0_BASE), 1024u},
 309:Generated_Source\PSoC4/cyfitter_cfg.c **** 		};
 310:Generated_Source\PSoC4/cyfitter_cfg.c **** 
 311:Generated_Source\PSoC4/cyfitter_cfg.c **** 		uint8 CYDATA i;
 312:Generated_Source\PSoC4/cyfitter_cfg.c **** 
 313:Generated_Source\PSoC4/cyfitter_cfg.c **** 		/* Zero out critical memory blocks before beginning configuration */
 314:Generated_Source\PSoC4/cyfitter_cfg.c **** 		for (i = 0u; i < (sizeof(cfg_memset_list)/sizeof(cfg_memset_list[0])); i++)
 417              		.loc 1 314 0
 418 011e FB1D     		add	r3, r7, #7
 419 0120 0022     		mov	r2, #0
 420 0122 1A70     		strb	r2, [r3]
 421 0124 23E0     		b	.L16
 422              	.L17:
 423              	.LBB3:
 315:Generated_Source\PSoC4/cyfitter_cfg.c **** 		{
 316:Generated_Source\PSoC4/cyfitter_cfg.c **** 			const cfg_memset_t CYCODE * CYDATA ms = &cfg_memset_list[i];
 424              		.loc 1 316 0 discriminator 3
 425 0126 FB1D     		add	r3, r7, #7
ARM GAS  C:\Users\Mike\AppData\Local\Temp\ccVo1CPb.s 			page 14


 426 0128 1A78     		ldrb	r2, [r3]
 427 012a 131C     		mov	r3, r2
 428 012c 5B00     		lsl	r3, r3, #1
 429 012e 9B18     		add	r3, r3, r2
 430 0130 5B00     		lsl	r3, r3, #1
 431 0132 374A     		ldr	r2, .L18+4
 432 0134 9B18     		add	r3, r3, r2
 433 0136 3B60     		str	r3, [r7]
 317:Generated_Source\PSoC4/cyfitter_cfg.c **** 			CYMEMZERO(ms->address, (size_t)(uint32)(ms->size));
 434              		.loc 1 317 0 discriminator 3
 435 0138 3B68     		ldr	r3, [r7]
 436 013a 1A78     		ldrb	r2, [r3]
 437 013c 5978     		ldrb	r1, [r3, #1]
 438 013e 0902     		lsl	r1, r1, #8
 439 0140 0A43     		orr	r2, r1
 440 0142 9978     		ldrb	r1, [r3, #2]
 441 0144 0904     		lsl	r1, r1, #16
 442 0146 0A43     		orr	r2, r1
 443 0148 DB78     		ldrb	r3, [r3, #3]
 444 014a 1B06     		lsl	r3, r3, #24
 445 014c 1343     		orr	r3, r2
 446 014e 191C     		mov	r1, r3
 447 0150 3B68     		ldr	r3, [r7]
 448 0152 1A79     		ldrb	r2, [r3, #4]
 449 0154 5B79     		ldrb	r3, [r3, #5]
 450 0156 1B02     		lsl	r3, r3, #8
 451 0158 1343     		orr	r3, r2
 452 015a 9BB2     		uxth	r3, r3
 453 015c 081C     		mov	r0, r1
 454 015e 191C     		mov	r1, r3
 455 0160 FFF7FEFF 		bl	CYMEMZERO
 456              	.LBE3:
 314:Generated_Source\PSoC4/cyfitter_cfg.c **** 		{
 457              		.loc 1 314 0 discriminator 3
 458 0164 FB1D     		add	r3, r7, #7
 459 0166 1A78     		ldrb	r2, [r3]
 460 0168 FB1D     		add	r3, r7, #7
 461 016a 0132     		add	r2, r2, #1
 462 016c 1A70     		strb	r2, [r3]
 463              	.L16:
 314:Generated_Source\PSoC4/cyfitter_cfg.c **** 		{
 464              		.loc 1 314 0 is_stmt 0 discriminator 1
 465 016e FB1D     		add	r3, r7, #7
 466 0170 1B78     		ldrb	r3, [r3]
 467 0172 012B     		cmp	r3, #1
 468 0174 D7D9     		bls	.L17
 318:Generated_Source\PSoC4/cyfitter_cfg.c **** 		}
 319:Generated_Source\PSoC4/cyfitter_cfg.c **** 
 320:Generated_Source\PSoC4/cyfitter_cfg.c **** 		/* HSIOM Starting address: CYDEV_HSIOM_BASE */
 321:Generated_Source\PSoC4/cyfitter_cfg.c **** 		CY_SET_XTND_REG32((void CYFAR *)(CYDEV_HSIOM_BASE), 0xEE000000u);
 469              		.loc 1 321 0 is_stmt 1
 470 0176 274B     		ldr	r3, .L18+8
 471 0178 EE22     		mov	r2, #238
 472 017a 1206     		lsl	r2, r2, #24
 473 017c 1A60     		str	r2, [r3]
 322:Generated_Source\PSoC4/cyfitter_cfg.c **** 		CY_SET_XTND_REG32((void CYFAR *)(CYREG_HSIOM_PORT_SEL1), 0x00990000u);
 474              		.loc 1 322 0
ARM GAS  C:\Users\Mike\AppData\Local\Temp\ccVo1CPb.s 			page 15


 475 017e 264B     		ldr	r3, .L18+12
 476 0180 9922     		mov	r2, #153
 477 0182 1204     		lsl	r2, r2, #16
 478 0184 1A60     		str	r2, [r3]
 323:Generated_Source\PSoC4/cyfitter_cfg.c **** 
 324:Generated_Source\PSoC4/cyfitter_cfg.c **** 		/* UDB_PA_0 Starting address: CYDEV_UDB_PA0_BASE */
 325:Generated_Source\PSoC4/cyfitter_cfg.c **** 		CY_SET_XTND_REG32((void CYFAR *)(CYDEV_UDB_PA0_BASE), 0x00990000u);
 479              		.loc 1 325 0
 480 0186 254B     		ldr	r3, .L18+16
 481 0188 9922     		mov	r2, #153
 482 018a 1204     		lsl	r2, r2, #16
 483 018c 1A60     		str	r2, [r3]
 326:Generated_Source\PSoC4/cyfitter_cfg.c **** 
 327:Generated_Source\PSoC4/cyfitter_cfg.c **** 		/* UDB_PA_1 Starting address: CYDEV_UDB_PA1_BASE */
 328:Generated_Source\PSoC4/cyfitter_cfg.c **** 		CY_SET_XTND_REG32((void CYFAR *)(CYDEV_UDB_PA1_BASE), 0x00990000u);
 484              		.loc 1 328 0
 485 018e 244B     		ldr	r3, .L18+20
 486 0190 9922     		mov	r2, #153
 487 0192 1204     		lsl	r2, r2, #16
 488 0194 1A60     		str	r2, [r3]
 329:Generated_Source\PSoC4/cyfitter_cfg.c **** 
 330:Generated_Source\PSoC4/cyfitter_cfg.c **** 		/* UDB_PA_3 Starting address: CYDEV_UDB_PA3_BASE */
 331:Generated_Source\PSoC4/cyfitter_cfg.c **** 		CY_SET_XTND_REG32((void CYFAR *)(CYDEV_UDB_PA3_BASE), 0x00990000u);
 489              		.loc 1 331 0
 490 0196 234B     		ldr	r3, .L18+24
 491 0198 9922     		mov	r2, #153
 492 019a 1204     		lsl	r2, r2, #16
 493 019c 1A60     		str	r2, [r3]
 332:Generated_Source\PSoC4/cyfitter_cfg.c **** 
 333:Generated_Source\PSoC4/cyfitter_cfg.c **** 		/* Enable digital routing */
 334:Generated_Source\PSoC4/cyfitter_cfg.c **** 		CY_SET_XTND_REG8((void *)CYREG_UDB_UDBIF_BANK_CTL, CY_GET_XTND_REG8((void *)CYREG_UDB_UDBIF_BANK_
 494              		.loc 1 334 0
 495 019e 224A     		ldr	r2, .L18+28
 496 01a0 214B     		ldr	r3, .L18+28
 497 01a2 1B78     		ldrb	r3, [r3]
 498 01a4 DBB2     		uxtb	r3, r3
 499 01a6 0221     		mov	r1, #2
 500 01a8 0B43     		orr	r3, r1
 501 01aa DBB2     		uxtb	r3, r3
 502 01ac 1370     		strb	r3, [r2]
 335:Generated_Source\PSoC4/cyfitter_cfg.c **** 
 336:Generated_Source\PSoC4/cyfitter_cfg.c **** 		/* Enable UDB array */
 337:Generated_Source\PSoC4/cyfitter_cfg.c **** 		CY_SET_XTND_REG8((void *)CYREG_UDB_UDBIF_WAIT_CFG, (uint8)((CY_GET_XTND_REG8((void *)CYREG_UDB_UD
 503              		.loc 1 337 0
 504 01ae 1F4A     		ldr	r2, .L18+32
 505 01b0 1E4B     		ldr	r3, .L18+32
 506 01b2 1B78     		ldrb	r3, [r3]
 507 01b4 DBB2     		uxtb	r3, r3
 508 01b6 3C21     		mov	r1, #60
 509 01b8 8B43     		bic	r3, r1
 510 01ba DBB2     		uxtb	r3, r3
 511 01bc 1421     		mov	r1, #20
 512 01be 0B43     		orr	r3, r1
 513 01c0 DBB2     		uxtb	r3, r3
 514 01c2 1370     		strb	r3, [r2]
 338:Generated_Source\PSoC4/cyfitter_cfg.c **** 		CY_SET_XTND_REG8((void *)CYREG_UDB_UDBIF_BANK_CTL, (uint8)(CY_GET_XTND_REG8((void *)CYREG_UDB_UDB
 515              		.loc 1 338 0
ARM GAS  C:\Users\Mike\AppData\Local\Temp\ccVo1CPb.s 			page 16


 516 01c4 184A     		ldr	r2, .L18+28
 517 01c6 184B     		ldr	r3, .L18+28
 518 01c8 1B78     		ldrb	r3, [r3]
 519 01ca DBB2     		uxtb	r3, r3
 520 01cc 1621     		mov	r1, #22
 521 01ce 0B43     		orr	r3, r1
 522 01d0 DBB2     		uxtb	r3, r3
 523 01d2 1370     		strb	r3, [r2]
 524              	.LBE2:
 339:Generated_Source\PSoC4/cyfitter_cfg.c **** 	}
 340:Generated_Source\PSoC4/cyfitter_cfg.c **** 
 341:Generated_Source\PSoC4/cyfitter_cfg.c **** 	/* Perform second pass device configuration. These items must be configured in specific order afte
 342:Generated_Source\PSoC4/cyfitter_cfg.c **** 	/* IOPINS0_0 Starting address: CYDEV_GPIO_PRT0_BASE */
 343:Generated_Source\PSoC4/cyfitter_cfg.c **** 	CY_SET_XTND_REG32((void CYFAR *)(CYREG_GPIO_PRT0_PC), 0x00D80000u);
 525              		.loc 1 343 0
 526 01d4 164B     		ldr	r3, .L18+36
 527 01d6 D822     		mov	r2, #216
 528 01d8 1204     		lsl	r2, r2, #16
 529 01da 1A60     		str	r2, [r3]
 344:Generated_Source\PSoC4/cyfitter_cfg.c **** 
 345:Generated_Source\PSoC4/cyfitter_cfg.c **** 	/* IOPINS0_1 Starting address: CYDEV_GPIO_PRT1_BASE */
 346:Generated_Source\PSoC4/cyfitter_cfg.c **** 	CY_SET_XTND_REG32((void CYFAR *)(CYDEV_GPIO_PRT1_BASE), 0x00000020u);
 530              		.loc 1 346 0
 531 01dc 154B     		ldr	r3, .L18+40
 532 01de 2022     		mov	r2, #32
 533 01e0 1A60     		str	r2, [r3]
 347:Generated_Source\PSoC4/cyfitter_cfg.c **** 	CY_SET_XTND_REG32((void CYFAR *)(CYREG_GPIO_PRT1_PC), 0x00031000u);
 534              		.loc 1 347 0
 535 01e2 154B     		ldr	r3, .L18+44
 536 01e4 C422     		mov	r2, #196
 537 01e6 9202     		lsl	r2, r2, #10
 538 01e8 1A60     		str	r2, [r3]
 348:Generated_Source\PSoC4/cyfitter_cfg.c **** 	CY_SET_XTND_REG32((void CYFAR *)(CYREG_GPIO_PRT1_PC2), 0x00000020u);
 539              		.loc 1 348 0
 540 01ea 144B     		ldr	r3, .L18+48
 541 01ec 2022     		mov	r2, #32
 542 01ee 1A60     		str	r2, [r3]
 349:Generated_Source\PSoC4/cyfitter_cfg.c **** 
 350:Generated_Source\PSoC4/cyfitter_cfg.c **** 	/* IOPINS0_3 Starting address: CYDEV_GPIO_PRT3_BASE */
 351:Generated_Source\PSoC4/cyfitter_cfg.c **** 	CY_SET_XTND_REG32((void CYFAR *)(CYDEV_GPIO_PRT3_BASE), 0x00000020u);
 543              		.loc 1 351 0
 544 01f0 134B     		ldr	r3, .L18+52
 545 01f2 2022     		mov	r2, #32
 546 01f4 1A60     		str	r2, [r3]
 352:Generated_Source\PSoC4/cyfitter_cfg.c **** 	CY_SET_XTND_REG32((void CYFAR *)(CYREG_GPIO_PRT3_PC2), 0x00000020u);
 547              		.loc 1 352 0
 548 01f6 134B     		ldr	r3, .L18+56
 549 01f8 2022     		mov	r2, #32
 550 01fa 1A60     		str	r2, [r3]
 353:Generated_Source\PSoC4/cyfitter_cfg.c **** 
 354:Generated_Source\PSoC4/cyfitter_cfg.c **** 
 355:Generated_Source\PSoC4/cyfitter_cfg.c **** 	/* Setup clocks based on selections from Clock DWR */
 356:Generated_Source\PSoC4/cyfitter_cfg.c **** 	ClockSetup();
 551              		.loc 1 356 0
 552 01fc FFF700FF 		bl	ClockSetup
 357:Generated_Source\PSoC4/cyfitter_cfg.c **** 
 358:Generated_Source\PSoC4/cyfitter_cfg.c **** 	/* Perform basic analog initialization to defaults */
ARM GAS  C:\Users\Mike\AppData\Local\Temp\ccVo1CPb.s 			page 17


 359:Generated_Source\PSoC4/cyfitter_cfg.c **** 	AnalogSetDefault();
 553              		.loc 1 359 0
 554 0200 FFF7FEFF 		bl	AnalogSetDefault
 360:Generated_Source\PSoC4/cyfitter_cfg.c **** 
 361:Generated_Source\PSoC4/cyfitter_cfg.c **** }
 555              		.loc 1 361 0
 556 0204 BD46     		mov	sp, r7
 557 0206 02B0     		add	sp, sp, #8
 558              		@ sp needed
 559 0208 80BD     		pop	{r7, pc}
 560              	.L19:
 561 020a C046     		.align	2
 562              	.L18:
 563 020c 6CF02E40 		.word	1076818028
 564 0210 00000000 		.word	cfg_memset_list.4768
 565 0214 00000240 		.word	1073872896
 566 0218 00010240 		.word	1073873152
 567 021c 00500F40 		.word	1074745344
 568 0220 10500F40 		.word	1074745360
 569 0224 30500F40 		.word	1074745392
 570 0228 00700F40 		.word	1074753536
 571 022c 01700F40 		.word	1074753537
 572 0230 08000440 		.word	1074003976
 573 0234 00010440 		.word	1074004224
 574 0238 08010440 		.word	1074004232
 575 023c 18010440 		.word	1074004248
 576 0240 00030440 		.word	1074004736
 577 0244 18030440 		.word	1074004760
 578              		.cfi_endproc
 579              	.LFE8:
 580              		.size	cyfitter_cfg, .-cyfitter_cfg
 581              		.section	.rodata
 582              		.align	2
 583              		.type	cfg_memset_list.4768, %object
 584              		.size	cfg_memset_list.4768, 12
 585              	cfg_memset_list.4768:
 586 0000 00300F40 		.word	1074737152
 587 0004 0004     		.short	1024
 588 0006 00400F40 		.4byte	1074741248
 589 000a 0004     		.short	1024
 590              		.text
 591              	.Letext0:
 592              		.file 2 "c:\\program files (x86)\\cypress\\psoc creator\\4.0\\psoc creator\\import\\gnu\\arm\\4.9.
 593              		.file 3 "Generated_Source\\PSoC4\\cytypes.h"
 594              		.section	.debug_info,"",%progbits
 595              	.Ldebug_info0:
 596 0000 83020000 		.4byte	0x283
 597 0004 0400     		.2byte	0x4
 598 0006 00000000 		.4byte	.Ldebug_abbrev0
 599 000a 04       		.byte	0x4
 600 000b 01       		.uleb128 0x1
 601 000c FA000000 		.4byte	.LASF31
 602 0010 01       		.byte	0x1
 603 0011 25020000 		.4byte	.LASF32
 604 0015 49000000 		.4byte	.LASF33
 605 0019 00000000 		.4byte	.Ldebug_ranges0+0
 606 001d 00000000 		.4byte	0
ARM GAS  C:\Users\Mike\AppData\Local\Temp\ccVo1CPb.s 			page 18


 607 0021 00000000 		.4byte	.Ldebug_line0
 608 0025 02       		.uleb128 0x2
 609 0026 04       		.byte	0x4
 610 0027 05       		.byte	0x5
 611 0028 696E7400 		.ascii	"int\000"
 612 002c 03       		.uleb128 0x3
 613 002d 16000000 		.4byte	.LASF11
 614 0031 02       		.byte	0x2
 615 0032 D4       		.byte	0xd4
 616 0033 37000000 		.4byte	0x37
 617 0037 04       		.uleb128 0x4
 618 0038 04       		.byte	0x4
 619 0039 07       		.byte	0x7
 620 003a 96010000 		.4byte	.LASF0
 621 003e 04       		.uleb128 0x4
 622 003f 01       		.byte	0x1
 623 0040 06       		.byte	0x6
 624 0041 19020000 		.4byte	.LASF1
 625 0045 04       		.uleb128 0x4
 626 0046 01       		.byte	0x1
 627 0047 08       		.byte	0x8
 628 0048 D8000000 		.4byte	.LASF2
 629 004c 04       		.uleb128 0x4
 630 004d 02       		.byte	0x2
 631 004e 05       		.byte	0x5
 632 004f FE010000 		.4byte	.LASF3
 633 0053 04       		.uleb128 0x4
 634 0054 02       		.byte	0x2
 635 0055 07       		.byte	0x7
 636 0056 D8010000 		.4byte	.LASF4
 637 005a 04       		.uleb128 0x4
 638 005b 04       		.byte	0x4
 639 005c 05       		.byte	0x5
 640 005d 10020000 		.4byte	.LASF5
 641 0061 04       		.uleb128 0x4
 642 0062 04       		.byte	0x4
 643 0063 07       		.byte	0x7
 644 0064 A0000000 		.4byte	.LASF6
 645 0068 04       		.uleb128 0x4
 646 0069 08       		.byte	0x8
 647 006a 05       		.byte	0x5
 648 006b EB010000 		.4byte	.LASF7
 649 006f 04       		.uleb128 0x4
 650 0070 08       		.byte	0x8
 651 0071 07       		.byte	0x7
 652 0072 AB010000 		.4byte	.LASF8
 653 0076 04       		.uleb128 0x4
 654 0077 04       		.byte	0x4
 655 0078 07       		.byte	0x7
 656 0079 CF010000 		.4byte	.LASF9
 657 007d 05       		.uleb128 0x5
 658 007e 04       		.byte	0x4
 659 007f 04       		.uleb128 0x4
 660 0080 01       		.byte	0x1
 661 0081 08       		.byte	0x8
 662 0082 F9010000 		.4byte	.LASF10
 663 0086 06       		.uleb128 0x6
ARM GAS  C:\Users\Mike\AppData\Local\Temp\ccVo1CPb.s 			page 19


 664 0087 B2000000 		.4byte	.LASF12
 665 008b 03       		.byte	0x3
 666 008c B901     		.2byte	0x1b9
 667 008e 45000000 		.4byte	0x45
 668 0092 06       		.uleb128 0x6
 669 0093 88010000 		.4byte	.LASF13
 670 0097 03       		.byte	0x3
 671 0098 BA01     		.2byte	0x1ba
 672 009a 53000000 		.4byte	0x53
 673 009e 06       		.uleb128 0x6
 674 009f 8F010000 		.4byte	.LASF14
 675 00a3 03       		.byte	0x3
 676 00a4 BB01     		.2byte	0x1bb
 677 00a6 61000000 		.4byte	0x61
 678 00aa 04       		.uleb128 0x4
 679 00ab 04       		.byte	0x4
 680 00ac 04       		.byte	0x4
 681 00ad 8B000000 		.4byte	.LASF15
 682 00b1 04       		.uleb128 0x4
 683 00b2 08       		.byte	0x8
 684 00b3 04       		.byte	0x4
 685 00b4 E6000000 		.4byte	.LASF16
 686 00b8 06       		.uleb128 0x6
 687 00b9 9B000000 		.4byte	.LASF17
 688 00bd 03       		.byte	0x3
 689 00be 6302     		.2byte	0x263
 690 00c0 C4000000 		.4byte	0xc4
 691 00c4 07       		.uleb128 0x7
 692 00c5 86000000 		.4byte	0x86
 693 00c9 06       		.uleb128 0x6
 694 00ca 10000000 		.4byte	.LASF18
 695 00ce 03       		.byte	0x3
 696 00cf 6502     		.2byte	0x265
 697 00d1 D5000000 		.4byte	0xd5
 698 00d5 07       		.uleb128 0x7
 699 00d6 9E000000 		.4byte	0x9e
 700 00da 08       		.uleb128 0x8
 701 00db B8000000 		.4byte	.LASF19
 702 00df 01       		.byte	0x1
 703 00e0 3E       		.byte	0x3e
 704 00e1 00000000 		.4byte	.LFB2
 705 00e5 1E000000 		.4byte	.LFE2-.LFB2
 706 00e9 01       		.uleb128 0x1
 707 00ea 9C       		.byte	0x9c
 708 00eb 08010000 		.4byte	0x108
 709 00ef 09       		.uleb128 0x9
 710 00f0 7300     		.ascii	"s\000"
 711 00f2 01       		.byte	0x1
 712 00f3 3E       		.byte	0x3e
 713 00f4 7D000000 		.4byte	0x7d
 714 00f8 02       		.uleb128 0x2
 715 00f9 91       		.byte	0x91
 716 00fa 74       		.sleb128 -12
 717 00fb 09       		.uleb128 0x9
 718 00fc 6E00     		.ascii	"n\000"
 719 00fe 01       		.byte	0x1
 720 00ff 3E       		.byte	0x3e
ARM GAS  C:\Users\Mike\AppData\Local\Temp\ccVo1CPb.s 			page 20


 721 0100 2C000000 		.4byte	0x2c
 722 0104 02       		.uleb128 0x2
 723 0105 91       		.byte	0x91
 724 0106 70       		.sleb128 -16
 725 0107 00       		.byte	0
 726 0108 08       		.uleb128 0x8
 727 0109 54020000 		.4byte	.LASF20
 728 010d 01       		.byte	0x1
 729 010e 45       		.byte	0x45
 730 010f 00000000 		.4byte	.LFB3
 731 0113 22000000 		.4byte	.LFE3-.LFB3
 732 0117 01       		.uleb128 0x1
 733 0118 9C       		.byte	0x9c
 734 0119 46010000 		.4byte	0x146
 735 011d 0A       		.uleb128 0xa
 736 011e 91000000 		.4byte	.LASF21
 737 0122 01       		.byte	0x1
 738 0123 45       		.byte	0x45
 739 0124 7D000000 		.4byte	0x7d
 740 0128 02       		.uleb128 0x2
 741 0129 91       		.byte	0x91
 742 012a 74       		.sleb128 -12
 743 012b 09       		.uleb128 0x9
 744 012c 73726300 		.ascii	"src\000"
 745 0130 01       		.byte	0x1
 746 0131 45       		.byte	0x45
 747 0132 46010000 		.4byte	0x146
 748 0136 02       		.uleb128 0x2
 749 0137 91       		.byte	0x91
 750 0138 70       		.sleb128 -16
 751 0139 09       		.uleb128 0x9
 752 013a 6E00     		.ascii	"n\000"
 753 013c 01       		.byte	0x1
 754 013d 45       		.byte	0x45
 755 013e 2C000000 		.4byte	0x2c
 756 0142 02       		.uleb128 0x2
 757 0143 91       		.byte	0x91
 758 0144 6C       		.sleb128 -20
 759 0145 00       		.byte	0
 760 0146 0B       		.uleb128 0xb
 761 0147 04       		.byte	0x4
 762 0148 4C010000 		.4byte	0x14c
 763 014c 0C       		.uleb128 0xc
 764 014d 08       		.uleb128 0x8
 765 014e 00000000 		.4byte	.LASF22
 766 0152 01       		.byte	0x1
 767 0153 4C       		.byte	0x4c
 768 0154 00000000 		.4byte	.LFB4
 769 0158 22000000 		.4byte	.LFE4-.LFB4
 770 015c 01       		.uleb128 0x1
 771 015d 9C       		.byte	0x9c
 772 015e 8B010000 		.4byte	0x18b
 773 0162 0A       		.uleb128 0xa
 774 0163 91000000 		.4byte	.LASF21
 775 0167 01       		.byte	0x1
 776 0168 4C       		.byte	0x4c
 777 0169 7D000000 		.4byte	0x7d
ARM GAS  C:\Users\Mike\AppData\Local\Temp\ccVo1CPb.s 			page 21


 778 016d 02       		.uleb128 0x2
 779 016e 91       		.byte	0x91
 780 016f 74       		.sleb128 -12
 781 0170 09       		.uleb128 0x9
 782 0171 73726300 		.ascii	"src\000"
 783 0175 01       		.byte	0x1
 784 0176 4C       		.byte	0x4c
 785 0177 46010000 		.4byte	0x146
 786 017b 02       		.uleb128 0x2
 787 017c 91       		.byte	0x91
 788 017d 70       		.sleb128 -16
 789 017e 09       		.uleb128 0x9
 790 017f 6E00     		.ascii	"n\000"
 791 0181 01       		.byte	0x1
 792 0182 4C       		.byte	0x4c
 793 0183 2C000000 		.4byte	0x2c
 794 0187 02       		.uleb128 0x2
 795 0188 91       		.byte	0x91
 796 0189 6C       		.sleb128 -20
 797 018a 00       		.byte	0
 798 018b 0D       		.uleb128 0xd
 799 018c 3E000000 		.4byte	.LASF23
 800 0190 01       		.byte	0x1
 801 0191 9C       		.byte	0x9c
 802 0192 00000000 		.4byte	.LFB5
 803 0196 10010000 		.4byte	.LFE5-.LFB5
 804 019a 01       		.uleb128 0x1
 805 019b 9C       		.byte	0x9c
 806 019c 0D       		.uleb128 0xd
 807 019d 1D000000 		.4byte	.LASF24
 808 01a1 01       		.byte	0x1
 809 01a2 E6       		.byte	0xe6
 810 01a3 00000000 		.4byte	.LFB6
 811 01a7 44000000 		.4byte	.LFE6-.LFB6
 812 01ab 01       		.uleb128 0x1
 813 01ac 9C       		.byte	0x9c
 814 01ad 0E       		.uleb128 0xe
 815 01ae C2000000 		.4byte	.LASF34
 816 01b2 01       		.byte	0x1
 817 01b3 0101     		.2byte	0x101
 818 01b5 00000000 		.4byte	.LFB7
 819 01b9 40000000 		.4byte	.LFE7-.LFB7
 820 01bd 01       		.uleb128 0x1
 821 01be 9C       		.byte	0x9c
 822 01bf E2010000 		.4byte	0x1e2
 823 01c3 0F       		.uleb128 0xf
 824 01c4 08020000 		.4byte	.LASF25
 825 01c8 01       		.byte	0x1
 826 01c9 0101     		.2byte	0x101
 827 01cb 86000000 		.4byte	0x86
 828 01cf 02       		.uleb128 0x2
 829 01d0 91       		.byte	0x91
 830 01d1 6F       		.sleb128 -17
 831 01d2 10       		.uleb128 0x10
 832 01d3 4B020000 		.4byte	.LASF29
 833 01d7 01       		.byte	0x1
 834 01d8 0301     		.2byte	0x103
ARM GAS  C:\Users\Mike\AppData\Local\Temp\ccVo1CPb.s 			page 22


 835 01da 9E000000 		.4byte	0x9e
 836 01de 02       		.uleb128 0x2
 837 01df 91       		.byte	0x91
 838 01e0 74       		.sleb128 -12
 839 01e1 00       		.byte	0
 840 01e2 11       		.uleb128 0x11
 841 01e3 ED000000 		.4byte	.LASF35
 842 01e7 01       		.byte	0x1
 843 01e8 2301     		.2byte	0x123
 844 01ea 10010000 		.4byte	.LFB8
 845 01ee 38010000 		.4byte	.LFE8-.LFB8
 846 01f2 01       		.uleb128 0x1
 847 01f3 9C       		.byte	0x9c
 848 01f4 12       		.uleb128 0x12
 849 01f5 1E010000 		.4byte	.LBB2
 850 01f9 B6000000 		.4byte	.LBE2-.LBB2
 851 01fd 13       		.uleb128 0x13
 852 01fe 06       		.byte	0x6
 853 01ff 01       		.byte	0x1
 854 0200 2C01     		.2byte	0x12c
 855 0202 21020000 		.4byte	0x221
 856 0206 14       		.uleb128 0x14
 857 0207 A3010000 		.4byte	.LASF26
 858 020b 01       		.byte	0x1
 859 020c 2D01     		.2byte	0x12d
 860 020e 7D000000 		.4byte	0x7d
 861 0212 00       		.byte	0
 862 0213 14       		.uleb128 0x14
 863 0214 96000000 		.4byte	.LASF27
 864 0218 01       		.byte	0x1
 865 0219 2E01     		.2byte	0x12e
 866 021b 92000000 		.4byte	0x92
 867 021f 04       		.byte	0x4
 868 0220 00       		.byte	0
 869 0221 06       		.uleb128 0x6
 870 0222 C2010000 		.4byte	.LASF28
 871 0226 01       		.byte	0x1
 872 0227 2F01     		.2byte	0x12f
 873 0229 FD010000 		.4byte	0x1fd
 874 022d 15       		.uleb128 0x15
 875 022e 21020000 		.4byte	0x221
 876 0232 3D020000 		.4byte	0x23d
 877 0236 16       		.uleb128 0x16
 878 0237 76000000 		.4byte	0x76
 879 023b 01       		.byte	0x1
 880 023c 00       		.byte	0
 881 023d 10       		.uleb128 0x10
 882 023e 2E000000 		.4byte	.LASF30
 883 0242 01       		.byte	0x1
 884 0243 3101     		.2byte	0x131
 885 0245 4F020000 		.4byte	0x24f
 886 0249 05       		.uleb128 0x5
 887 024a 03       		.byte	0x3
 888 024b 00000000 		.4byte	cfg_memset_list.4768
 889 024f 17       		.uleb128 0x17
 890 0250 2D020000 		.4byte	0x22d
 891 0254 18       		.uleb128 0x18
ARM GAS  C:\Users\Mike\AppData\Local\Temp\ccVo1CPb.s 			page 23


 892 0255 6900     		.ascii	"i\000"
 893 0257 01       		.byte	0x1
 894 0258 3701     		.2byte	0x137
 895 025a 86000000 		.4byte	0x86
 896 025e 02       		.uleb128 0x2
 897 025f 91       		.byte	0x91
 898 0260 77       		.sleb128 -9
 899 0261 12       		.uleb128 0x12
 900 0262 26010000 		.4byte	.LBB3
 901 0266 3E000000 		.4byte	.LBE3-.LBB3
 902 026a 18       		.uleb128 0x18
 903 026b 6D7300   		.ascii	"ms\000"
 904 026e 01       		.byte	0x1
 905 026f 3C01     		.2byte	0x13c
 906 0271 78020000 		.4byte	0x278
 907 0275 02       		.uleb128 0x2
 908 0276 91       		.byte	0x91
 909 0277 70       		.sleb128 -16
 910 0278 0B       		.uleb128 0xb
 911 0279 04       		.byte	0x4
 912 027a 7E020000 		.4byte	0x27e
 913 027e 17       		.uleb128 0x17
 914 027f 21020000 		.4byte	0x221
 915 0283 00       		.byte	0
 916 0284 00       		.byte	0
 917 0285 00       		.byte	0
 918 0286 00       		.byte	0
 919              		.section	.debug_abbrev,"",%progbits
 920              	.Ldebug_abbrev0:
 921 0000 01       		.uleb128 0x1
 922 0001 11       		.uleb128 0x11
 923 0002 01       		.byte	0x1
 924 0003 25       		.uleb128 0x25
 925 0004 0E       		.uleb128 0xe
 926 0005 13       		.uleb128 0x13
 927 0006 0B       		.uleb128 0xb
 928 0007 03       		.uleb128 0x3
 929 0008 0E       		.uleb128 0xe
 930 0009 1B       		.uleb128 0x1b
 931 000a 0E       		.uleb128 0xe
 932 000b 55       		.uleb128 0x55
 933 000c 17       		.uleb128 0x17
 934 000d 11       		.uleb128 0x11
 935 000e 01       		.uleb128 0x1
 936 000f 10       		.uleb128 0x10
 937 0010 17       		.uleb128 0x17
 938 0011 00       		.byte	0
 939 0012 00       		.byte	0
 940 0013 02       		.uleb128 0x2
 941 0014 24       		.uleb128 0x24
 942 0015 00       		.byte	0
 943 0016 0B       		.uleb128 0xb
 944 0017 0B       		.uleb128 0xb
 945 0018 3E       		.uleb128 0x3e
 946 0019 0B       		.uleb128 0xb
 947 001a 03       		.uleb128 0x3
 948 001b 08       		.uleb128 0x8
ARM GAS  C:\Users\Mike\AppData\Local\Temp\ccVo1CPb.s 			page 24


 949 001c 00       		.byte	0
 950 001d 00       		.byte	0
 951 001e 03       		.uleb128 0x3
 952 001f 16       		.uleb128 0x16
 953 0020 00       		.byte	0
 954 0021 03       		.uleb128 0x3
 955 0022 0E       		.uleb128 0xe
 956 0023 3A       		.uleb128 0x3a
 957 0024 0B       		.uleb128 0xb
 958 0025 3B       		.uleb128 0x3b
 959 0026 0B       		.uleb128 0xb
 960 0027 49       		.uleb128 0x49
 961 0028 13       		.uleb128 0x13
 962 0029 00       		.byte	0
 963 002a 00       		.byte	0
 964 002b 04       		.uleb128 0x4
 965 002c 24       		.uleb128 0x24
 966 002d 00       		.byte	0
 967 002e 0B       		.uleb128 0xb
 968 002f 0B       		.uleb128 0xb
 969 0030 3E       		.uleb128 0x3e
 970 0031 0B       		.uleb128 0xb
 971 0032 03       		.uleb128 0x3
 972 0033 0E       		.uleb128 0xe
 973 0034 00       		.byte	0
 974 0035 00       		.byte	0
 975 0036 05       		.uleb128 0x5
 976 0037 0F       		.uleb128 0xf
 977 0038 00       		.byte	0
 978 0039 0B       		.uleb128 0xb
 979 003a 0B       		.uleb128 0xb
 980 003b 00       		.byte	0
 981 003c 00       		.byte	0
 982 003d 06       		.uleb128 0x6
 983 003e 16       		.uleb128 0x16
 984 003f 00       		.byte	0
 985 0040 03       		.uleb128 0x3
 986 0041 0E       		.uleb128 0xe
 987 0042 3A       		.uleb128 0x3a
 988 0043 0B       		.uleb128 0xb
 989 0044 3B       		.uleb128 0x3b
 990 0045 05       		.uleb128 0x5
 991 0046 49       		.uleb128 0x49
 992 0047 13       		.uleb128 0x13
 993 0048 00       		.byte	0
 994 0049 00       		.byte	0
 995 004a 07       		.uleb128 0x7
 996 004b 35       		.uleb128 0x35
 997 004c 00       		.byte	0
 998 004d 49       		.uleb128 0x49
 999 004e 13       		.uleb128 0x13
 1000 004f 00       		.byte	0
 1001 0050 00       		.byte	0
 1002 0051 08       		.uleb128 0x8
 1003 0052 2E       		.uleb128 0x2e
 1004 0053 01       		.byte	0x1
 1005 0054 03       		.uleb128 0x3
ARM GAS  C:\Users\Mike\AppData\Local\Temp\ccVo1CPb.s 			page 25


 1006 0055 0E       		.uleb128 0xe
 1007 0056 3A       		.uleb128 0x3a
 1008 0057 0B       		.uleb128 0xb
 1009 0058 3B       		.uleb128 0x3b
 1010 0059 0B       		.uleb128 0xb
 1011 005a 27       		.uleb128 0x27
 1012 005b 19       		.uleb128 0x19
 1013 005c 11       		.uleb128 0x11
 1014 005d 01       		.uleb128 0x1
 1015 005e 12       		.uleb128 0x12
 1016 005f 06       		.uleb128 0x6
 1017 0060 40       		.uleb128 0x40
 1018 0061 18       		.uleb128 0x18
 1019 0062 9642     		.uleb128 0x2116
 1020 0064 19       		.uleb128 0x19
 1021 0065 01       		.uleb128 0x1
 1022 0066 13       		.uleb128 0x13
 1023 0067 00       		.byte	0
 1024 0068 00       		.byte	0
 1025 0069 09       		.uleb128 0x9
 1026 006a 05       		.uleb128 0x5
 1027 006b 00       		.byte	0
 1028 006c 03       		.uleb128 0x3
 1029 006d 08       		.uleb128 0x8
 1030 006e 3A       		.uleb128 0x3a
 1031 006f 0B       		.uleb128 0xb
 1032 0070 3B       		.uleb128 0x3b
 1033 0071 0B       		.uleb128 0xb
 1034 0072 49       		.uleb128 0x49
 1035 0073 13       		.uleb128 0x13
 1036 0074 02       		.uleb128 0x2
 1037 0075 18       		.uleb128 0x18
 1038 0076 00       		.byte	0
 1039 0077 00       		.byte	0
 1040 0078 0A       		.uleb128 0xa
 1041 0079 05       		.uleb128 0x5
 1042 007a 00       		.byte	0
 1043 007b 03       		.uleb128 0x3
 1044 007c 0E       		.uleb128 0xe
 1045 007d 3A       		.uleb128 0x3a
 1046 007e 0B       		.uleb128 0xb
 1047 007f 3B       		.uleb128 0x3b
 1048 0080 0B       		.uleb128 0xb
 1049 0081 49       		.uleb128 0x49
 1050 0082 13       		.uleb128 0x13
 1051 0083 02       		.uleb128 0x2
 1052 0084 18       		.uleb128 0x18
 1053 0085 00       		.byte	0
 1054 0086 00       		.byte	0
 1055 0087 0B       		.uleb128 0xb
 1056 0088 0F       		.uleb128 0xf
 1057 0089 00       		.byte	0
 1058 008a 0B       		.uleb128 0xb
 1059 008b 0B       		.uleb128 0xb
 1060 008c 49       		.uleb128 0x49
 1061 008d 13       		.uleb128 0x13
 1062 008e 00       		.byte	0
ARM GAS  C:\Users\Mike\AppData\Local\Temp\ccVo1CPb.s 			page 26


 1063 008f 00       		.byte	0
 1064 0090 0C       		.uleb128 0xc
 1065 0091 26       		.uleb128 0x26
 1066 0092 00       		.byte	0
 1067 0093 00       		.byte	0
 1068 0094 00       		.byte	0
 1069 0095 0D       		.uleb128 0xd
 1070 0096 2E       		.uleb128 0x2e
 1071 0097 00       		.byte	0
 1072 0098 03       		.uleb128 0x3
 1073 0099 0E       		.uleb128 0xe
 1074 009a 3A       		.uleb128 0x3a
 1075 009b 0B       		.uleb128 0xb
 1076 009c 3B       		.uleb128 0x3b
 1077 009d 0B       		.uleb128 0xb
 1078 009e 27       		.uleb128 0x27
 1079 009f 19       		.uleb128 0x19
 1080 00a0 11       		.uleb128 0x11
 1081 00a1 01       		.uleb128 0x1
 1082 00a2 12       		.uleb128 0x12
 1083 00a3 06       		.uleb128 0x6
 1084 00a4 40       		.uleb128 0x40
 1085 00a5 18       		.uleb128 0x18
 1086 00a6 9642     		.uleb128 0x2116
 1087 00a8 19       		.uleb128 0x19
 1088 00a9 00       		.byte	0
 1089 00aa 00       		.byte	0
 1090 00ab 0E       		.uleb128 0xe
 1091 00ac 2E       		.uleb128 0x2e
 1092 00ad 01       		.byte	0x1
 1093 00ae 3F       		.uleb128 0x3f
 1094 00af 19       		.uleb128 0x19
 1095 00b0 03       		.uleb128 0x3
 1096 00b1 0E       		.uleb128 0xe
 1097 00b2 3A       		.uleb128 0x3a
 1098 00b3 0B       		.uleb128 0xb
 1099 00b4 3B       		.uleb128 0x3b
 1100 00b5 05       		.uleb128 0x5
 1101 00b6 27       		.uleb128 0x27
 1102 00b7 19       		.uleb128 0x19
 1103 00b8 11       		.uleb128 0x11
 1104 00b9 01       		.uleb128 0x1
 1105 00ba 12       		.uleb128 0x12
 1106 00bb 06       		.uleb128 0x6
 1107 00bc 40       		.uleb128 0x40
 1108 00bd 18       		.uleb128 0x18
 1109 00be 9742     		.uleb128 0x2117
 1110 00c0 19       		.uleb128 0x19
 1111 00c1 01       		.uleb128 0x1
 1112 00c2 13       		.uleb128 0x13
 1113 00c3 00       		.byte	0
 1114 00c4 00       		.byte	0
 1115 00c5 0F       		.uleb128 0xf
 1116 00c6 05       		.uleb128 0x5
 1117 00c7 00       		.byte	0
 1118 00c8 03       		.uleb128 0x3
 1119 00c9 0E       		.uleb128 0xe
ARM GAS  C:\Users\Mike\AppData\Local\Temp\ccVo1CPb.s 			page 27


 1120 00ca 3A       		.uleb128 0x3a
 1121 00cb 0B       		.uleb128 0xb
 1122 00cc 3B       		.uleb128 0x3b
 1123 00cd 05       		.uleb128 0x5
 1124 00ce 49       		.uleb128 0x49
 1125 00cf 13       		.uleb128 0x13
 1126 00d0 02       		.uleb128 0x2
 1127 00d1 18       		.uleb128 0x18
 1128 00d2 00       		.byte	0
 1129 00d3 00       		.byte	0
 1130 00d4 10       		.uleb128 0x10
 1131 00d5 34       		.uleb128 0x34
 1132 00d6 00       		.byte	0
 1133 00d7 03       		.uleb128 0x3
 1134 00d8 0E       		.uleb128 0xe
 1135 00d9 3A       		.uleb128 0x3a
 1136 00da 0B       		.uleb128 0xb
 1137 00db 3B       		.uleb128 0x3b
 1138 00dc 05       		.uleb128 0x5
 1139 00dd 49       		.uleb128 0x49
 1140 00de 13       		.uleb128 0x13
 1141 00df 02       		.uleb128 0x2
 1142 00e0 18       		.uleb128 0x18
 1143 00e1 00       		.byte	0
 1144 00e2 00       		.byte	0
 1145 00e3 11       		.uleb128 0x11
 1146 00e4 2E       		.uleb128 0x2e
 1147 00e5 01       		.byte	0x1
 1148 00e6 3F       		.uleb128 0x3f
 1149 00e7 19       		.uleb128 0x19
 1150 00e8 03       		.uleb128 0x3
 1151 00e9 0E       		.uleb128 0xe
 1152 00ea 3A       		.uleb128 0x3a
 1153 00eb 0B       		.uleb128 0xb
 1154 00ec 3B       		.uleb128 0x3b
 1155 00ed 05       		.uleb128 0x5
 1156 00ee 27       		.uleb128 0x27
 1157 00ef 19       		.uleb128 0x19
 1158 00f0 11       		.uleb128 0x11
 1159 00f1 01       		.uleb128 0x1
 1160 00f2 12       		.uleb128 0x12
 1161 00f3 06       		.uleb128 0x6
 1162 00f4 40       		.uleb128 0x40
 1163 00f5 18       		.uleb128 0x18
 1164 00f6 9642     		.uleb128 0x2116
 1165 00f8 19       		.uleb128 0x19
 1166 00f9 00       		.byte	0
 1167 00fa 00       		.byte	0
 1168 00fb 12       		.uleb128 0x12
 1169 00fc 0B       		.uleb128 0xb
 1170 00fd 01       		.byte	0x1
 1171 00fe 11       		.uleb128 0x11
 1172 00ff 01       		.uleb128 0x1
 1173 0100 12       		.uleb128 0x12
 1174 0101 06       		.uleb128 0x6
 1175 0102 00       		.byte	0
 1176 0103 00       		.byte	0
ARM GAS  C:\Users\Mike\AppData\Local\Temp\ccVo1CPb.s 			page 28


 1177 0104 13       		.uleb128 0x13
 1178 0105 13       		.uleb128 0x13
 1179 0106 01       		.byte	0x1
 1180 0107 0B       		.uleb128 0xb
 1181 0108 0B       		.uleb128 0xb
 1182 0109 3A       		.uleb128 0x3a
 1183 010a 0B       		.uleb128 0xb
 1184 010b 3B       		.uleb128 0x3b
 1185 010c 05       		.uleb128 0x5
 1186 010d 01       		.uleb128 0x1
 1187 010e 13       		.uleb128 0x13
 1188 010f 00       		.byte	0
 1189 0110 00       		.byte	0
 1190 0111 14       		.uleb128 0x14
 1191 0112 0D       		.uleb128 0xd
 1192 0113 00       		.byte	0
 1193 0114 03       		.uleb128 0x3
 1194 0115 0E       		.uleb128 0xe
 1195 0116 3A       		.uleb128 0x3a
 1196 0117 0B       		.uleb128 0xb
 1197 0118 3B       		.uleb128 0x3b
 1198 0119 05       		.uleb128 0x5
 1199 011a 49       		.uleb128 0x49
 1200 011b 13       		.uleb128 0x13
 1201 011c 38       		.uleb128 0x38
 1202 011d 0B       		.uleb128 0xb
 1203 011e 00       		.byte	0
 1204 011f 00       		.byte	0
 1205 0120 15       		.uleb128 0x15
 1206 0121 01       		.uleb128 0x1
 1207 0122 01       		.byte	0x1
 1208 0123 49       		.uleb128 0x49
 1209 0124 13       		.uleb128 0x13
 1210 0125 01       		.uleb128 0x1
 1211 0126 13       		.uleb128 0x13
 1212 0127 00       		.byte	0
 1213 0128 00       		.byte	0
 1214 0129 16       		.uleb128 0x16
 1215 012a 21       		.uleb128 0x21
 1216 012b 00       		.byte	0
 1217 012c 49       		.uleb128 0x49
 1218 012d 13       		.uleb128 0x13
 1219 012e 2F       		.uleb128 0x2f
 1220 012f 0B       		.uleb128 0xb
 1221 0130 00       		.byte	0
 1222 0131 00       		.byte	0
 1223 0132 17       		.uleb128 0x17
 1224 0133 26       		.uleb128 0x26
 1225 0134 00       		.byte	0
 1226 0135 49       		.uleb128 0x49
 1227 0136 13       		.uleb128 0x13
 1228 0137 00       		.byte	0
 1229 0138 00       		.byte	0
 1230 0139 18       		.uleb128 0x18
 1231 013a 34       		.uleb128 0x34
 1232 013b 00       		.byte	0
 1233 013c 03       		.uleb128 0x3
ARM GAS  C:\Users\Mike\AppData\Local\Temp\ccVo1CPb.s 			page 29


 1234 013d 08       		.uleb128 0x8
 1235 013e 3A       		.uleb128 0x3a
 1236 013f 0B       		.uleb128 0xb
 1237 0140 3B       		.uleb128 0x3b
 1238 0141 05       		.uleb128 0x5
 1239 0142 49       		.uleb128 0x49
 1240 0143 13       		.uleb128 0x13
 1241 0144 02       		.uleb128 0x2
 1242 0145 18       		.uleb128 0x18
 1243 0146 00       		.byte	0
 1244 0147 00       		.byte	0
 1245 0148 00       		.byte	0
 1246              		.section	.debug_aranges,"",%progbits
 1247 0000 4C000000 		.4byte	0x4c
 1248 0004 0200     		.2byte	0x2
 1249 0006 00000000 		.4byte	.Ldebug_info0
 1250 000a 04       		.byte	0x4
 1251 000b 00       		.byte	0
 1252 000c 0000     		.2byte	0
 1253 000e 0000     		.2byte	0
 1254 0010 00000000 		.4byte	.LFB2
 1255 0014 1E000000 		.4byte	.LFE2-.LFB2
 1256 0018 00000000 		.4byte	.LFB3
 1257 001c 22000000 		.4byte	.LFE3-.LFB3
 1258 0020 00000000 		.4byte	.LFB4
 1259 0024 22000000 		.4byte	.LFE4-.LFB4
 1260 0028 00000000 		.4byte	.LFB5
 1261 002c 10010000 		.4byte	.LFE5-.LFB5
 1262 0030 00000000 		.4byte	.LFB6
 1263 0034 44000000 		.4byte	.LFE6-.LFB6
 1264 0038 00000000 		.4byte	.LFB7
 1265 003c 40000000 		.4byte	.LFE7-.LFB7
 1266 0040 10010000 		.4byte	.LFB8
 1267 0044 38010000 		.4byte	.LFE8-.LFB8
 1268 0048 00000000 		.4byte	0
 1269 004c 00000000 		.4byte	0
 1270              		.section	.debug_ranges,"",%progbits
 1271              	.Ldebug_ranges0:
 1272 0000 00000000 		.4byte	.LFB2
 1273 0004 1E000000 		.4byte	.LFE2
 1274 0008 00000000 		.4byte	.LFB3
 1275 000c 22000000 		.4byte	.LFE3
 1276 0010 00000000 		.4byte	.LFB4
 1277 0014 22000000 		.4byte	.LFE4
 1278 0018 00000000 		.4byte	.LFB5
 1279 001c 10010000 		.4byte	.LFE5
 1280 0020 00000000 		.4byte	.LFB6
 1281 0024 44000000 		.4byte	.LFE6
 1282 0028 00000000 		.4byte	.LFB7
 1283 002c 40000000 		.4byte	.LFE7
 1284 0030 10010000 		.4byte	.LFB8
 1285 0034 48020000 		.4byte	.LFE8
 1286 0038 00000000 		.4byte	0
 1287 003c 00000000 		.4byte	0
 1288              		.section	.debug_line,"",%progbits
 1289              	.Ldebug_line0:
 1290 0000 8F010000 		.section	.debug_str,"MS",%progbits,1
ARM GAS  C:\Users\Mike\AppData\Local\Temp\ccVo1CPb.s 			page 30


 1290      0200CB00 
 1290      00000201 
 1290      FB0E0D00 
 1290      01010101 
 1291              	.LASF22:
 1292 0000 4359434F 		.ascii	"CYCONFIGCPYCODE\000"
 1292      4E464947 
 1292      43505943 
 1292      4F444500 
 1293              	.LASF18:
 1294 0010 72656733 		.ascii	"reg32\000"
 1294      3200
 1295              	.LASF11:
 1296 0016 73697A65 		.ascii	"size_t\000"
 1296      5F7400
 1297              	.LASF24:
 1298 001d 416E616C 		.ascii	"AnalogSetDefault\000"
 1298      6F675365 
 1298      74446566 
 1298      61756C74 
 1298      00
 1299              	.LASF30:
 1300 002e 6366675F 		.ascii	"cfg_memset_list\000"
 1300      6D656D73 
 1300      65745F6C 
 1300      69737400 
 1301              	.LASF23:
 1302 003e 436C6F63 		.ascii	"ClockSetup\000"
 1302      6B536574 
 1302      757000
 1303              	.LASF33:
 1304 0049 433A5C55 		.ascii	"C:\\Users\\Mike\\Desktop\\ECG App\\ADC_UART\\ADC_UA"
 1304      73657273 
 1304      5C4D696B 
 1304      655C4465 
 1304      736B746F 
 1305 0076 52545C41 		.ascii	"RT\\ADC to UART.cydsn\000"
 1305      44432074 
 1305      6F205541 
 1305      52542E63 
 1305      7964736E 
 1306              	.LASF15:
 1307 008b 666C6F61 		.ascii	"float\000"
 1307      7400
 1308              	.LASF21:
 1309 0091 64657374 		.ascii	"dest\000"
 1309      00
 1310              	.LASF27:
 1311 0096 73697A65 		.ascii	"size\000"
 1311      00
 1312              	.LASF17:
 1313 009b 72656738 		.ascii	"reg8\000"
 1313      00
 1314              	.LASF6:
 1315 00a0 6C6F6E67 		.ascii	"long unsigned int\000"
 1315      20756E73 
 1315      69676E65 
ARM GAS  C:\Users\Mike\AppData\Local\Temp\ccVo1CPb.s 			page 31


 1315      6420696E 
 1315      7400
 1316              	.LASF12:
 1317 00b2 75696E74 		.ascii	"uint8\000"
 1317      3800
 1318              	.LASF19:
 1319 00b8 43594D45 		.ascii	"CYMEMZERO\000"
 1319      4D5A4552 
 1319      4F00
 1320              	.LASF34:
 1321 00c2 53657441 		.ascii	"SetAnalogRoutingPumps\000"
 1321      6E616C6F 
 1321      67526F75 
 1321      74696E67 
 1321      50756D70 
 1322              	.LASF2:
 1323 00d8 756E7369 		.ascii	"unsigned char\000"
 1323      676E6564 
 1323      20636861 
 1323      7200
 1324              	.LASF16:
 1325 00e6 646F7562 		.ascii	"double\000"
 1325      6C6500
 1326              	.LASF35:
 1327 00ed 63796669 		.ascii	"cyfitter_cfg\000"
 1327      74746572 
 1327      5F636667 
 1327      00
 1328              	.LASF31:
 1329 00fa 474E5520 		.ascii	"GNU C 4.9.3 20150303 (release) [ARM/embedded-4_9-br"
 1329      4320342E 
 1329      392E3320 
 1329      32303135 
 1329      30333033 
 1330 012d 616E6368 		.ascii	"anch revision 221220] -mcpu=cortex-m0 -mthumb -g -O"
 1330      20726576 
 1330      6973696F 
 1330      6E203232 
 1330      31323230 
 1331 0160 30202D66 		.ascii	"0 -ffunction-sections -ffat-lto-objects\000"
 1331      66756E63 
 1331      74696F6E 
 1331      2D736563 
 1331      74696F6E 
 1332              	.LASF13:
 1333 0188 75696E74 		.ascii	"uint16\000"
 1333      313600
 1334              	.LASF14:
 1335 018f 75696E74 		.ascii	"uint32\000"
 1335      333200
 1336              	.LASF0:
 1337 0196 756E7369 		.ascii	"unsigned int\000"
 1337      676E6564 
 1337      20696E74 
 1337      00
 1338              	.LASF26:
 1339 01a3 61646472 		.ascii	"address\000"
ARM GAS  C:\Users\Mike\AppData\Local\Temp\ccVo1CPb.s 			page 32


 1339      65737300 
 1340              	.LASF8:
 1341 01ab 6C6F6E67 		.ascii	"long long unsigned int\000"
 1341      206C6F6E 
 1341      6720756E 
 1341      7369676E 
 1341      65642069 
 1342              	.LASF28:
 1343 01c2 6366675F 		.ascii	"cfg_memset_t\000"
 1343      6D656D73 
 1343      65745F74 
 1343      00
 1344              	.LASF9:
 1345 01cf 73697A65 		.ascii	"sizetype\000"
 1345      74797065 
 1345      00
 1346              	.LASF4:
 1347 01d8 73686F72 		.ascii	"short unsigned int\000"
 1347      7420756E 
 1347      7369676E 
 1347      65642069 
 1347      6E7400
 1348              	.LASF7:
 1349 01eb 6C6F6E67 		.ascii	"long long int\000"
 1349      206C6F6E 
 1349      6720696E 
 1349      7400
 1350              	.LASF10:
 1351 01f9 63686172 		.ascii	"char\000"
 1351      00
 1352              	.LASF3:
 1353 01fe 73686F72 		.ascii	"short int\000"
 1353      7420696E 
 1353      7400
 1354              	.LASF25:
 1355 0208 656E6162 		.ascii	"enabled\000"
 1355      6C656400 
 1356              	.LASF5:
 1357 0210 6C6F6E67 		.ascii	"long int\000"
 1357      20696E74 
 1357      00
 1358              	.LASF1:
 1359 0219 7369676E 		.ascii	"signed char\000"
 1359      65642063 
 1359      68617200 
 1360              	.LASF32:
 1361 0225 47656E65 		.ascii	"Generated_Source\\PSoC4\\cyfitter_cfg.c\000"
 1361      72617465 
 1361      645F536F 
 1361      75726365 
 1361      5C50536F 
 1362              	.LASF29:
 1363 024b 72656756 		.ascii	"regValue\000"
 1363      616C7565 
 1363      00
 1364              	.LASF20:
 1365 0254 4359434F 		.ascii	"CYCONFIGCPY\000"
ARM GAS  C:\Users\Mike\AppData\Local\Temp\ccVo1CPb.s 			page 33


 1365      4E464947 
 1365      43505900 
 1366              		.ident	"GCC: (GNU Tools for ARM Embedded Processors) 4.9.3 20150303 (release) [ARM/embedded-4_9-br
