ARM GAS  C:\Users\Mike\AppData\Local\Temp\cc4re2tH.s 			page 1


   1              		.cpu cortex-m0
   2              		.fpu softvfp
   3              		.eabi_attribute 20, 1
   4              		.eabi_attribute 21, 1
   5              		.eabi_attribute 23, 3
   6              		.eabi_attribute 24, 1
   7              		.eabi_attribute 25, 1
   8              		.eabi_attribute 26, 1
   9              		.eabi_attribute 30, 6
  10              		.eabi_attribute 34, 0
  11              		.eabi_attribute 18, 4
  12              		.code	16
  13              		.file	"main.c"
  14              		.text
  15              	.Ltext0:
  16              		.cfi_sections	.debug_frame
  17              		.comm	send_value,1,4
  18              		.comm	adc_val,4,4
  19              		.section	.rodata
  20              		.align	2
  21              	.LC0:
  22 0000 0A204144 		.ascii	"\012 ADC Started \015\000"
  22      43205374 
  22      61727465 
  22      64200D00 
  23              		.global	__aeabi_i2f
  24              		.global	__aeabi_f2d
  25              		.align	2
  26              	.LC4:
  27 0010 252E3466 		.ascii	"%.4f\000"
  27      00
  28 0015 000000   		.align	2
  29              	.LC6:
  30 0018 0A207365 		.ascii	"\012 send_value \015\000"
  30      6E645F76 
  30      616C7565 
  30      200D00
  31 0027 00       		.section	.text.main,"ax",%progbits
  32              		.align	2
  33              		.global	main
  34              		.code	16
  35              		.thumb_func
  36              		.type	main, %function
  37              	main:
  38              	.LFB37:
  39              		.file 1 "main.c"
   1:main.c        **** /* ========================================
   2:main.c        ****  *
   3:main.c        ****  * Mike McGovern
   4:main.c        ****  *
   5:main.c        ****  * PRINT ADC VALUE TO PUTTY VIA UART
   6:main.c        ****  *
   7:main.c        ****  * ========================================
   8:main.c        **** */
   9:main.c        **** #include <project.h>
  10:main.c        **** #include <stdio.h> // allows sprintf conversion
  11:main.c        **** 
ARM GAS  C:\Users\Mike\AppData\Local\Temp\cc4re2tH.s 			page 2


  12:main.c        **** /*Global Variables*/
  13:main.c        **** char send_value[1];
  14:main.c        **** float32 adc_val;
  15:main.c        **** //uint8adc_val;
  16:main.c        **** //float32 adcvoltage;  //Uncomment if using voltage
  17:main.c        **** 
  18:main.c        **** int main()
  19:main.c        **** {
  40              		.loc 1 19 0
  41              		.cfi_startproc
  42 0000 B0B5     		push	{r4, r5, r7, lr}
  43              		.cfi_def_cfa_offset 16
  44              		.cfi_offset 4, -16
  45              		.cfi_offset 5, -12
  46              		.cfi_offset 7, -8
  47              		.cfi_offset 14, -4
  48 0002 00AF     		add	r7, sp, #0
  49              		.cfi_def_cfa_register 7
  20:main.c        ****     
  21:main.c        ****     CyGlobalIntEnable; 
  50              		.loc 1 21 0
  51              	@ 21 "main.c" 1
  52 0004 62B6     		CPSIE   i
  53              	@ 0 "" 2
  22:main.c        ****     UART_Start();
  54              		.loc 1 22 0
  55              		.code	16
  56 0006 FFF7FEFF 		bl	UART_Start
  23:main.c        ****     ADC_Start();
  57              		.loc 1 23 0
  58 000a FFF7FEFF 		bl	ADC_Start
  24:main.c        ****     ADC_StartConvert();
  59              		.loc 1 24 0
  60 000e FFF7FEFF 		bl	ADC_StartConvert
  25:main.c        ****     
  26:main.c        ****     UART_UartPutString("\n ADC Started \r");
  61              		.loc 1 26 0
  62 0012 134B     		ldr	r3, .L3
  63 0014 181C     		mov	r0, r3
  64 0016 FFF7FEFF 		bl	UART_UartPutString
  65              	.L2:
  27:main.c        ****     
  28:main.c        ****     for(;;)
  29:main.c        ****     {
  30:main.c        ****         
  31:main.c        ****         adc_val = ADC_GetResult16(0);
  66              		.loc 1 31 0 discriminator 1
  67 001a 0020     		mov	r0, #0
  68 001c FFF7FEFF 		bl	ADC_GetResult16
  69 0020 031C     		mov	r3, r0
  70 0022 181C     		mov	r0, r3
  71 0024 FFF7FEFF 		bl	__aeabi_i2f
  72 0028 021C     		add	r2, r0, #0
  73 002a 0E4B     		ldr	r3, .L3+4
  74 002c 1A60     		str	r2, [r3]
  32:main.c        ****         //adcvoltage = ADC_CountsTo_mVolts(0,adc_val);
  33:main.c        ****         sprintf(send_value,"%.4f", adc_val);  //"%.4f indicates number of decimals
ARM GAS  C:\Users\Mike\AppData\Local\Temp\cc4re2tH.s 			page 3


  75              		.loc 1 33 0 discriminator 1
  76 002e 0D4B     		ldr	r3, .L3+4
  77 0030 1B68     		ldr	r3, [r3]
  78 0032 181C     		add	r0, r3, #0
  79 0034 FFF7FEFF 		bl	__aeabi_f2d
  80 0038 041C     		mov	r4, r0
  81 003a 0D1C     		mov	r5, r1
  82 003c 0A4A     		ldr	r2, .L3+8
  83 003e 0B4B     		ldr	r3, .L3+12
  84 0040 101C     		mov	r0, r2
  85 0042 191C     		mov	r1, r3
  86 0044 221C     		mov	r2, r4
  87 0046 2B1C     		mov	r3, r5
  88 0048 FFF7FEFF 		bl	sprintf
  34:main.c        ****         UART_UartPutString(send_value);
  89              		.loc 1 34 0 discriminator 1
  90 004c 064B     		ldr	r3, .L3+8
  91 004e 181C     		mov	r0, r3
  92 0050 FFF7FEFF 		bl	UART_UartPutString
  35:main.c        ****         UART_UartPutString("\n send_value \r");  //prints hello each line
  93              		.loc 1 35 0 discriminator 1
  94 0054 064B     		ldr	r3, .L3+16
  95 0056 181C     		mov	r0, r3
  96 0058 FFF7FEFF 		bl	UART_UartPutString
  36:main.c        ****         
  37:main.c        ****     }
  97              		.loc 1 37 0 discriminator 1
  98 005c DDE7     		b	.L2
  99              	.L4:
 100 005e C046     		.align	2
 101              	.L3:
 102 0060 00000000 		.word	.LC0
 103 0064 00000000 		.word	adc_val
 104 0068 00000000 		.word	send_value
 105 006c 10000000 		.word	.LC4
 106 0070 18000000 		.word	.LC6
 107              		.cfi_endproc
 108              	.LFE37:
 109              		.size	main, .-main
 110              		.text
 111              	.Letext0:
 112              		.file 2 "Generated_Source\\PSoC4/cytypes.h"
 113              		.section	.debug_info,"",%progbits
 114              	.Ldebug_info0:
 115 0000 D7000000 		.4byte	0xd7
 116 0004 0400     		.2byte	0x4
 117 0006 00000000 		.4byte	.Ldebug_abbrev0
 118 000a 04       		.byte	0x4
 119 000b 01       		.uleb128 0x1
 120 000c 0E000000 		.4byte	.LASF15
 121 0010 01       		.byte	0x1
 122 0011 A9000000 		.4byte	.LASF16
 123 0015 DE000000 		.4byte	.LASF17
 124 0019 00000000 		.4byte	.Ldebug_ranges0+0
 125 001d 00000000 		.4byte	0
 126 0021 00000000 		.4byte	.Ldebug_line0
 127 0025 02       		.uleb128 0x2
ARM GAS  C:\Users\Mike\AppData\Local\Temp\cc4re2tH.s 			page 4


 128 0026 01       		.byte	0x1
 129 0027 06       		.byte	0x6
 130 0028 68010000 		.4byte	.LASF0
 131 002c 02       		.uleb128 0x2
 132 002d 01       		.byte	0x1
 133 002e 08       		.byte	0x8
 134 002f 28010000 		.4byte	.LASF1
 135 0033 02       		.uleb128 0x2
 136 0034 02       		.byte	0x2
 137 0035 05       		.byte	0x5
 138 0036 44010000 		.4byte	.LASF2
 139 003a 02       		.uleb128 0x2
 140 003b 02       		.byte	0x2
 141 003c 07       		.byte	0x7
 142 003d 55010000 		.4byte	.LASF3
 143 0041 02       		.uleb128 0x2
 144 0042 04       		.byte	0x4
 145 0043 05       		.byte	0x5
 146 0044 3B010000 		.4byte	.LASF4
 147 0048 02       		.uleb128 0x2
 148 0049 04       		.byte	0x4
 149 004a 07       		.byte	0x7
 150 004b B5000000 		.4byte	.LASF5
 151 004f 02       		.uleb128 0x2
 152 0050 08       		.byte	0x8
 153 0051 05       		.byte	0x5
 154 0052 00000000 		.4byte	.LASF6
 155 0056 02       		.uleb128 0x2
 156 0057 08       		.byte	0x8
 157 0058 07       		.byte	0x7
 158 0059 C7000000 		.4byte	.LASF7
 159 005d 03       		.uleb128 0x3
 160 005e 04       		.byte	0x4
 161 005f 05       		.byte	0x5
 162 0060 696E7400 		.ascii	"int\000"
 163 0064 02       		.uleb128 0x2
 164 0065 04       		.byte	0x4
 165 0066 07       		.byte	0x7
 166 0067 9C000000 		.4byte	.LASF8
 167 006b 04       		.uleb128 0x4
 168 006c 20010000 		.4byte	.LASF18
 169 0070 02       		.byte	0x2
 170 0071 BF01     		.2byte	0x1bf
 171 0073 77000000 		.4byte	0x77
 172 0077 02       		.uleb128 0x2
 173 0078 04       		.byte	0x4
 174 0079 04       		.byte	0x4
 175 007a 74010000 		.4byte	.LASF9
 176 007e 02       		.uleb128 0x2
 177 007f 08       		.byte	0x8
 178 0080 04       		.byte	0x4
 179 0081 4E010000 		.4byte	.LASF10
 180 0085 02       		.uleb128 0x2
 181 0086 01       		.byte	0x1
 182 0087 08       		.byte	0x8
 183 0088 36010000 		.4byte	.LASF11
 184 008c 02       		.uleb128 0x2
ARM GAS  C:\Users\Mike\AppData\Local\Temp\cc4re2tH.s 			page 5


 185 008d 04       		.byte	0x4
 186 008e 07       		.byte	0x7
 187 008f 8D010000 		.4byte	.LASF12
 188 0093 05       		.uleb128 0x5
 189 0094 B0000000 		.4byte	.LASF19
 190 0098 01       		.byte	0x1
 191 0099 12       		.byte	0x12
 192 009a 5D000000 		.4byte	0x5d
 193 009e 00000000 		.4byte	.LFB37
 194 00a2 74000000 		.4byte	.LFE37-.LFB37
 195 00a6 01       		.uleb128 0x1
 196 00a7 9C       		.byte	0x9c
 197 00a8 06       		.uleb128 0x6
 198 00a9 85000000 		.4byte	0x85
 199 00ad B8000000 		.4byte	0xb8
 200 00b1 07       		.uleb128 0x7
 201 00b2 8C000000 		.4byte	0x8c
 202 00b6 00       		.byte	0
 203 00b7 00       		.byte	0
 204 00b8 08       		.uleb128 0x8
 205 00b9 82010000 		.4byte	.LASF13
 206 00bd 01       		.byte	0x1
 207 00be 0D       		.byte	0xd
 208 00bf A8000000 		.4byte	0xa8
 209 00c3 05       		.uleb128 0x5
 210 00c4 03       		.byte	0x3
 211 00c5 00000000 		.4byte	send_value
 212 00c9 08       		.uleb128 0x8
 213 00ca 7A010000 		.4byte	.LASF14
 214 00ce 01       		.byte	0x1
 215 00cf 0E       		.byte	0xe
 216 00d0 6B000000 		.4byte	0x6b
 217 00d4 05       		.uleb128 0x5
 218 00d5 03       		.byte	0x3
 219 00d6 00000000 		.4byte	adc_val
 220 00da 00       		.byte	0
 221              		.section	.debug_abbrev,"",%progbits
 222              	.Ldebug_abbrev0:
 223 0000 01       		.uleb128 0x1
 224 0001 11       		.uleb128 0x11
 225 0002 01       		.byte	0x1
 226 0003 25       		.uleb128 0x25
 227 0004 0E       		.uleb128 0xe
 228 0005 13       		.uleb128 0x13
 229 0006 0B       		.uleb128 0xb
 230 0007 03       		.uleb128 0x3
 231 0008 0E       		.uleb128 0xe
 232 0009 1B       		.uleb128 0x1b
 233 000a 0E       		.uleb128 0xe
 234 000b 55       		.uleb128 0x55
 235 000c 17       		.uleb128 0x17
 236 000d 11       		.uleb128 0x11
 237 000e 01       		.uleb128 0x1
 238 000f 10       		.uleb128 0x10
 239 0010 17       		.uleb128 0x17
 240 0011 00       		.byte	0
 241 0012 00       		.byte	0
ARM GAS  C:\Users\Mike\AppData\Local\Temp\cc4re2tH.s 			page 6


 242 0013 02       		.uleb128 0x2
 243 0014 24       		.uleb128 0x24
 244 0015 00       		.byte	0
 245 0016 0B       		.uleb128 0xb
 246 0017 0B       		.uleb128 0xb
 247 0018 3E       		.uleb128 0x3e
 248 0019 0B       		.uleb128 0xb
 249 001a 03       		.uleb128 0x3
 250 001b 0E       		.uleb128 0xe
 251 001c 00       		.byte	0
 252 001d 00       		.byte	0
 253 001e 03       		.uleb128 0x3
 254 001f 24       		.uleb128 0x24
 255 0020 00       		.byte	0
 256 0021 0B       		.uleb128 0xb
 257 0022 0B       		.uleb128 0xb
 258 0023 3E       		.uleb128 0x3e
 259 0024 0B       		.uleb128 0xb
 260 0025 03       		.uleb128 0x3
 261 0026 08       		.uleb128 0x8
 262 0027 00       		.byte	0
 263 0028 00       		.byte	0
 264 0029 04       		.uleb128 0x4
 265 002a 16       		.uleb128 0x16
 266 002b 00       		.byte	0
 267 002c 03       		.uleb128 0x3
 268 002d 0E       		.uleb128 0xe
 269 002e 3A       		.uleb128 0x3a
 270 002f 0B       		.uleb128 0xb
 271 0030 3B       		.uleb128 0x3b
 272 0031 05       		.uleb128 0x5
 273 0032 49       		.uleb128 0x49
 274 0033 13       		.uleb128 0x13
 275 0034 00       		.byte	0
 276 0035 00       		.byte	0
 277 0036 05       		.uleb128 0x5
 278 0037 2E       		.uleb128 0x2e
 279 0038 00       		.byte	0
 280 0039 3F       		.uleb128 0x3f
 281 003a 19       		.uleb128 0x19
 282 003b 03       		.uleb128 0x3
 283 003c 0E       		.uleb128 0xe
 284 003d 3A       		.uleb128 0x3a
 285 003e 0B       		.uleb128 0xb
 286 003f 3B       		.uleb128 0x3b
 287 0040 0B       		.uleb128 0xb
 288 0041 49       		.uleb128 0x49
 289 0042 13       		.uleb128 0x13
 290 0043 11       		.uleb128 0x11
 291 0044 01       		.uleb128 0x1
 292 0045 12       		.uleb128 0x12
 293 0046 06       		.uleb128 0x6
 294 0047 40       		.uleb128 0x40
 295 0048 18       		.uleb128 0x18
 296 0049 9642     		.uleb128 0x2116
 297 004b 19       		.uleb128 0x19
 298 004c 00       		.byte	0
ARM GAS  C:\Users\Mike\AppData\Local\Temp\cc4re2tH.s 			page 7


 299 004d 00       		.byte	0
 300 004e 06       		.uleb128 0x6
 301 004f 01       		.uleb128 0x1
 302 0050 01       		.byte	0x1
 303 0051 49       		.uleb128 0x49
 304 0052 13       		.uleb128 0x13
 305 0053 01       		.uleb128 0x1
 306 0054 13       		.uleb128 0x13
 307 0055 00       		.byte	0
 308 0056 00       		.byte	0
 309 0057 07       		.uleb128 0x7
 310 0058 21       		.uleb128 0x21
 311 0059 00       		.byte	0
 312 005a 49       		.uleb128 0x49
 313 005b 13       		.uleb128 0x13
 314 005c 2F       		.uleb128 0x2f
 315 005d 0B       		.uleb128 0xb
 316 005e 00       		.byte	0
 317 005f 00       		.byte	0
 318 0060 08       		.uleb128 0x8
 319 0061 34       		.uleb128 0x34
 320 0062 00       		.byte	0
 321 0063 03       		.uleb128 0x3
 322 0064 0E       		.uleb128 0xe
 323 0065 3A       		.uleb128 0x3a
 324 0066 0B       		.uleb128 0xb
 325 0067 3B       		.uleb128 0x3b
 326 0068 0B       		.uleb128 0xb
 327 0069 49       		.uleb128 0x49
 328 006a 13       		.uleb128 0x13
 329 006b 3F       		.uleb128 0x3f
 330 006c 19       		.uleb128 0x19
 331 006d 02       		.uleb128 0x2
 332 006e 18       		.uleb128 0x18
 333 006f 00       		.byte	0
 334 0070 00       		.byte	0
 335 0071 00       		.byte	0
 336              		.section	.debug_aranges,"",%progbits
 337 0000 1C000000 		.4byte	0x1c
 338 0004 0200     		.2byte	0x2
 339 0006 00000000 		.4byte	.Ldebug_info0
 340 000a 04       		.byte	0x4
 341 000b 00       		.byte	0
 342 000c 0000     		.2byte	0
 343 000e 0000     		.2byte	0
 344 0010 00000000 		.4byte	.LFB37
 345 0014 74000000 		.4byte	.LFE37-.LFB37
 346 0018 00000000 		.4byte	0
 347 001c 00000000 		.4byte	0
 348              		.section	.debug_ranges,"",%progbits
 349              	.Ldebug_ranges0:
 350 0000 00000000 		.4byte	.LFB37
 351 0004 74000000 		.4byte	.LFE37
 352 0008 00000000 		.4byte	0
 353 000c 00000000 		.4byte	0
 354              		.section	.debug_line,"",%progbits
 355              	.Ldebug_line0:
ARM GAS  C:\Users\Mike\AppData\Local\Temp\cc4re2tH.s 			page 8


 356 0000 74000000 		.section	.debug_str,"MS",%progbits,1
 356      02004100 
 356      00000201 
 356      FB0E0D00 
 356      01010101 
 357              	.LASF6:
 358 0000 6C6F6E67 		.ascii	"long long int\000"
 358      206C6F6E 
 358      6720696E 
 358      7400
 359              	.LASF15:
 360 000e 474E5520 		.ascii	"GNU C 4.9.3 20150303 (release) [ARM/embedded-4_9-br"
 360      4320342E 
 360      392E3320 
 360      32303135 
 360      30333033 
 361 0041 616E6368 		.ascii	"anch revision 221220] -mcpu=cortex-m0 -mthumb -g -O"
 361      20726576 
 361      6973696F 
 361      6E203232 
 361      31323230 
 362 0074 30202D66 		.ascii	"0 -ffunction-sections -ffat-lto-objects\000"
 362      66756E63 
 362      74696F6E 
 362      2D736563 
 362      74696F6E 
 363              	.LASF8:
 364 009c 756E7369 		.ascii	"unsigned int\000"
 364      676E6564 
 364      20696E74 
 364      00
 365              	.LASF16:
 366 00a9 6D61696E 		.ascii	"main.c\000"
 366      2E6300
 367              	.LASF19:
 368 00b0 6D61696E 		.ascii	"main\000"
 368      00
 369              	.LASF5:
 370 00b5 6C6F6E67 		.ascii	"long unsigned int\000"
 370      20756E73 
 370      69676E65 
 370      6420696E 
 370      7400
 371              	.LASF7:
 372 00c7 6C6F6E67 		.ascii	"long long unsigned int\000"
 372      206C6F6E 
 372      6720756E 
 372      7369676E 
 372      65642069 
 373              	.LASF17:
 374 00de 433A5C55 		.ascii	"C:\\Users\\Mike\\Desktop\\ECG App\\ADC_UART\\ADC_UA"
 374      73657273 
 374      5C4D696B 
 374      655C4465 
 374      736B746F 
 375 010b 52545C41 		.ascii	"RT\\ADC to UART.cydsn\000"
 375      44432074 
ARM GAS  C:\Users\Mike\AppData\Local\Temp\cc4re2tH.s 			page 9


 375      6F205541 
 375      52542E63 
 375      7964736E 
 376              	.LASF18:
 377 0120 666C6F61 		.ascii	"float32\000"
 377      74333200 
 378              	.LASF1:
 379 0128 756E7369 		.ascii	"unsigned char\000"
 379      676E6564 
 379      20636861 
 379      7200
 380              	.LASF11:
 381 0136 63686172 		.ascii	"char\000"
 381      00
 382              	.LASF4:
 383 013b 6C6F6E67 		.ascii	"long int\000"
 383      20696E74 
 383      00
 384              	.LASF2:
 385 0144 73686F72 		.ascii	"short int\000"
 385      7420696E 
 385      7400
 386              	.LASF10:
 387 014e 646F7562 		.ascii	"double\000"
 387      6C6500
 388              	.LASF3:
 389 0155 73686F72 		.ascii	"short unsigned int\000"
 389      7420756E 
 389      7369676E 
 389      65642069 
 389      6E7400
 390              	.LASF0:
 391 0168 7369676E 		.ascii	"signed char\000"
 391      65642063 
 391      68617200 
 392              	.LASF9:
 393 0174 666C6F61 		.ascii	"float\000"
 393      7400
 394              	.LASF14:
 395 017a 6164635F 		.ascii	"adc_val\000"
 395      76616C00 
 396              	.LASF13:
 397 0182 73656E64 		.ascii	"send_value\000"
 397      5F76616C 
 397      756500
 398              	.LASF12:
 399 018d 73697A65 		.ascii	"sizetype\000"
 399      74797065 
 399      00
 400              		.ident	"GCC: (GNU Tools for ARM Embedded Processors) 4.9.3 20150303 (release) [ARM/embedded-4_9-br
